#
# A fatal error has been detected by the Java Runtime Environment:
#
#  SIGILL (0x4) at pc=0x00007fffe6d6abde, pid=21693, tid=0x0000000000000203
#
# JRE version: Java(TM) SE Runtime Environment (8.0_121-b13) (build 1.8.0_121-b13)
# Java VM: Java HotSpot(TM) 64-Bit Server VM (25.121-b13 mixed mode bsd-amd64 compressed oops)
# Problematic frame:
# C  [libsystem_platform.dylib+0x5bde]  _os_unfair_lock_corruption_abort+0x17
#
# Failed to write core dump. Core dumps have been disabled. To enable core dumping, try "ulimit -c unlimited" before starting Java again
#
# If you would like to submit a bug report, please visit:
#   http://bugreport.java.com/bugreport/crash.jsp
# The crash happened outside the Java Virtual Machine in native code.
# See problematic frame for where to report the bug.
#

---------------  T H R E A D  ---------------

Current thread (0x00000001043af000):  JavaThread "Spawner Reaper" daemon [_thread_in_native, id=123267, stack(0x000070000f105000,0x000070000f205000)]

siginfo: si_signo: 4 (SIGILL), si_code: 1 (ILL_ILLOPC), si_addr: 0x00007fffe6d6abde

Registers:
RAX=0x0000000000000306, RBX=0x0000000000000306, RCX=0x00007fffe6d6cb6c, RDX=0x0000000000000000
RSP=0x000070000f204218, RBP=0x000070000f204250, RSI=0x00007fffef8f67c0, RDI=0x0000000000000306
R8 =0x000000000000031c, R9 =0x000000000000031d, R10=0x0000000000000000, R11=0x0000000000000246
R12=0x00007fffef8f67c0, R13=0x0000000000000203, R14=0x0000000001010002, R15=0x0000000000000203
RIP=0x00007fffe6d6abde, EFLAGS=0x0000000000010246, ERR=0x0000000000000000
  TRAPNO=0x0000000000000006

Top of Stack: (sp=0x000070000f204218)
0x000070000f204218:   00007fffe6d6a44e 0000000000000307
0x000070000f204228:   0000000000000340 0000000130869050
0x000070000f204238:   00007fffef8f6480 00007fffef8f67c0
0x000070000f204248:   0000000130877ff0 000070000f2042a0
0x000070000f204258:   00007fffe626b3ae 0000000000000000
0x000070000f204268:   0000000000000000 0000000000000000
0x000070000f204278:   0000000130869050 0000000000000000
0x000070000f204288:   0000000130877ff0 0000000000000001
0x000070000f204298:   0000000130877ff0 000070000f2042c0
0x000070000f2042a8:   00007fffe626b0f9 0000000130869050
0x000070000f2042b8:   0000000000000000 000070000f2042e0
0x000070000f2042c8:   00007fffe626b059 0000000000000000
0x000070000f2042d8:   0000000130840990 000070000f204300
0x000070000f2042e8:   00007fffe6db2b37 00007fffef9b6a50
0x000070000f2042f8:   00000001004a6270 000070000f204330
0x000070000f204308:   00007fffe6db2a53 00007fffef9b6a50
0x000070000f204318:   0000000130877ff0 0000000000000000
0x000070000f204328:   0000000000000008 000070000f204350
0x000070000f204338:   00007fffe6db250d 00000000ffffffff
0x000070000f204348:   0000000000000008 000070000f2043e0
0x000070000f204358:   00007fffe6db30b6 0000000000000000
0x000070000f204368:   0000000000000000 000070000f2043f0
0x000070000f204378:   0000000000000000 00007fffe6c6c280
0x000070000f204388:   000070000f204424 000000010059bde0
0x000070000f204398:   0000000000000000 000070000f2043d0
0x000070000f2043a8:   00007fffe6d61232 00000001000096d0
0x000070000f2043b8:   8cbc059ab90f00fa 0000000100200e70
0x000070000f2043c8:   0000000000000000 0000000000000000
0x000070000f2043d8:   0000000000000002 000070000f204410
0x000070000f2043e8:   00007fffe6db2e41 0000000000000000
0x000070000f2043f8:   0000000000000000 8cbc059ab90f00fa
0x000070000f204408:   00007fffe6c6c280 000070000f204440 

Instructions: (pc=0x00007fffe6d6abde)
0x00007fffe6d6abbe:   89 f7 e8 55 18 00 00 eb ae 89 f8 48 8d 0d 9c 1f
0x00007fffe6d6abce:   00 00 48 89 0d e1 b6 c3 08 48 89 05 0a b7 c3 08
0x00007fffe6d6abde:   0f 0b 89 f8 48 8d 0d 12 20 00 00 48 89 0d c8 b6
0x00007fffe6d6abee:   c3 08 48 89 05 f1 b6 c3 08 0f 0b 55 48 89 e5 41 

Register to memory mapping:

RAX=0x0000000000000306 is an unknown value
RBX=0x0000000000000306 is an unknown value
RCX=0x00007fffe6d6cb6c: _h+0x25c in /usr/lib/system/libsystem_platform.dylib at 0x00007fffe6d65000
RDX=0x0000000000000000 is an unknown value
RSP=0x000070000f204218 is pointing into the stack for thread: 0x00000001043af000
RBP=0x000070000f204250 is pointing into the stack for thread: 0x00000001043af000
RSI=0x00007fffef8f67c0: _ZN12_GLOBAL__N_1L12SideTableBufE+0x340 in /usr/lib/libobjc.A.dylib at 0x00007fffe6262000
RDI=0x0000000000000306 is an unknown value
R8 =0x000000000000031c is an unknown value
R9 =0x000000000000031d is an unknown value
R10=0x0000000000000000 is an unknown value
R11=0x0000000000000246 is an unknown value
R12=0x00007fffef8f67c0: _ZN12_GLOBAL__N_1L12SideTableBufE+0x340 in /usr/lib/libobjc.A.dylib at 0x00007fffe6262000
R13=0x0000000000000203 is an unknown value
R14=0x0000000001010002 is an unknown value
R15=0x0000000000000203 is an unknown value


Stack: [0x000070000f105000,0x000070000f205000],  sp=0x000070000f204218,  free space=1020k
Native frames: (J=compiled Java code, j=interpreted, Vv=VM code, C=native code)
C  [libsystem_platform.dylib+0x5bde]  _os_unfair_lock_corruption_abort+0x17
C  [libobjc.A.dylib+0x93ae]  _ZN11objc_object27sidetable_clearDeallocatingEv+0x54
C  [libobjc.A.dylib+0x90f9]  objc_destructInstance+0x8f
C  [libobjc.A.dylib+0x9059]  object_dispose+0x16
C  [libxpc.dylib+0x4b37]  _xpc_dictionary_node_free+0x36
C  [libxpc.dylib+0x4a53]  _xpc_dictionary_dispose+0x22
C  [libxpc.dylib+0x450d]  _xpc_dispose+0xf
C  [libxpc.dylib+0x50b6]  bootstrap_look_up3+0x263
C  [libxpc.dylib+0x4e41]  bootstrap_look_up2+0x2d
C  [libxpc.dylib+0x70a3]  xpc_pipe_create+0x3d
C  [libsystem_info.dylib+0x1a8b]  _od_xpc_pipe+0x96
C  [libsystem_info.dylib+0x19c8]  _od_running+0xd
C  [libsystem_info.dylib+0x6181]  ds_group_byname+0x12
C  [libsystem_info.dylib+0x6102]  search_group_byname+0x66
C  [libsystem_info.dylib+0x6058]  getgrnam+0x33
C  [libspawner.jnilib+0x265e]  ptys_open+0x1e
C  [libspawner.jnilib+0x20ee]  exec_pty+0x22e
C  [libspawner.jnilib+0x1102]  Java_org_eclipse_cdt_utils_spawner_Spawner_exec2+0x182
j  org.eclipse.cdt.utils.spawner.Spawner.exec2([Ljava/lang/String;[Ljava/lang/String;Ljava/lang/String;[ILjava/lang/String;IZ)I+0
j  org.eclipse.cdt.utils.pty.PTY.exec_pty(Lorg/eclipse/cdt/utils/spawner/Spawner;[Ljava/lang/String;[Ljava/lang/String;Ljava/lang/String;[I)I+48
j  org.eclipse.cdt.utils.spawner.Spawner$2.execute([Ljava/lang/String;[Ljava/lang/String;Ljava/lang/String;[I)I+13
j  org.eclipse.cdt.utils.spawner.Spawner$Reaper.run()V+20
v  ~StubRoutines::call_stub
V  [libjvm.dylib+0x2ed9d6]
V  [libjvm.dylib+0x2ee164]
V  [libjvm.dylib+0x2ee310]
V  [libjvm.dylib+0x348a5d]
V  [libjvm.dylib+0x56ab0f]
V  [libjvm.dylib+0x56c1fc]
V  [libjvm.dylib+0x48a5b2]
C  [libsystem_pthread.dylib+0x3aab]  _pthread_body+0xb4
C  [libsystem_pthread.dylib+0x39f7]  _pthread_body+0x0
C  [libsystem_pthread.dylib+0x31fd]  thread_start+0xd
C  0x0000000000000000

Java frames: (J=compiled Java code, j=interpreted, Vv=VM code)
j  org.eclipse.cdt.utils.spawner.Spawner.exec2([Ljava/lang/String;[Ljava/lang/String;Ljava/lang/String;[ILjava/lang/String;IZ)I+0
j  org.eclipse.cdt.utils.pty.PTY.exec_pty(Lorg/eclipse/cdt/utils/spawner/Spawner;[Ljava/lang/String;[Ljava/lang/String;Ljava/lang/String;[I)I+48
j  org.eclipse.cdt.utils.spawner.Spawner$2.execute([Ljava/lang/String;[Ljava/lang/String;Ljava/lang/String;[I)I+13
j  org.eclipse.cdt.utils.spawner.Spawner$Reaper.run()V+20
v  ~StubRoutines::call_stub

---------------  P R O C E S S  ---------------

Java Threads: ( => current thread )
=>0x00000001043af000 JavaThread "Spawner Reaper" daemon [_thread_in_native, id=123267, stack(0x000070000f105000,0x000070000f205000)]
  0x0000000104246800 JavaThread "org.eclipse.cdt.internal.ui.text.CReconciler" daemon [_thread_blocked, id=129267, stack(0x000070000fdb5000,0x000070000feb5000)]
  0x000000012775f800 JavaThread "Worker-61" [_thread_blocked, id=124807, stack(0x000070000fcb2000,0x000070000fdb2000)]
  0x000000012623d000 JavaThread "Worker-60" [_thread_blocked, id=107023, stack(0x000070000f823000,0x000070000f923000)]
  0x00000001246d6800 JavaThread "Worker-59" [_thread_blocked, id=78715, stack(0x000070000f208000,0x000070000f308000)]
  0x0000000124521800 JavaThread "Worker-56" [_thread_blocked, id=121431, stack(0x000070000fbaf000,0x000070000fcaf000)]
  0x00000001262bc000 JavaThread "Worker-54" [_thread_blocked, id=74591, stack(0x000070000ef7f000,0x000070000f07f000)]
  0x0000000104471800 JavaThread "Worker-51" [_thread_blocked, id=122995, stack(0x000070000e9ed000,0x000070000eaed000)]
  0x00000001223a3000 JavaThread "Worker-50" [_thread_blocked, id=113079, stack(0x000070000e5e1000,0x000070000e6e1000)]
  0x0000000101688000 JavaThread "[ThreadPool Manager] - Idle Thread" daemon [_thread_blocked, id=18307, stack(0x000070000cb0d000,0x000070000cc0d000)]
  0x00000001240d0000 JavaThread "Provisioning Event Dispatcher" daemon [_thread_blocked, id=87303, stack(0x00007000105cd000,0x00007000106cd000)]
  0x000000010161a800 JavaThread "Thread-6" [_thread_blocked, id=80679, stack(0x000070000f720000,0x000070000f820000)]
  0x000000012664d000 JavaThread "EventAdmin Async Event Dispatcher Thread" daemon [_thread_blocked, id=72199, stack(0x000070000ee7c000,0x000070000ef7c000)]
  0x00000001257c2800 JavaThread "Bundle File Closer" daemon [_thread_blocked, id=61967, stack(0x000070000ebf3000,0x000070000ecf3000)]
  0x0000000101d96000 JavaThread "EMF Reference Cleaner" daemon [_thread_blocked, id=57603, stack(0x000070000e8ea000,0x000070000e9ea000)]
  0x0000000101d95800 JavaThread "Worker-JM" [_thread_blocked, id=57091, stack(0x000070000e7e7000,0x000070000e8e7000)]
  0x000000010151d000 JavaThread "[Timer] - Main Queue Handler" daemon [_thread_blocked, id=56579, stack(0x000070000e6e4000,0x000070000e7e4000)]
  0x0000000101619000 JavaThread "Start Level: Equinox Container: 21811fd4-6e57-401b-a3aa-ec68d39e9bb8" daemon [_thread_blocked, id=51459, stack(0x000070000e4de000,0x000070000e5de000)]
  0x0000000101618800 JavaThread "Framework Event Dispatcher: org.eclipse.osgi.internal.framework.EquinoxEventPublisher@2bffa76d" daemon [_thread_blocked, id=50947, stack(0x000070000e3db000,0x000070000e4db000)]
  0x0000000101cdd800 JavaThread "Active Thread: Equinox Container: 21811fd4-6e57-401b-a3aa-ec68d39e9bb8" [_thread_blocked, id=50443, stack(0x000070000e2d8000,0x000070000e3d8000)]
  0x0000000101881000 JavaThread "Service Thread" daemon [_thread_blocked, id=33283, stack(0x000070000e0d2000,0x000070000e1d2000)]
  0x0000000101119000 JavaThread "C1 CompilerThread2" daemon [_thread_blocked, id=32771, stack(0x000070000dfcf000,0x000070000e0cf000)]
  0x0000000101843000 JavaThread "C2 CompilerThread1" daemon [_thread_blocked, id=32259, stack(0x000070000decc000,0x000070000dfcc000)]
  0x0000000101118800 JavaThread "C2 CompilerThread0" daemon [_thread_blocked, id=31747, stack(0x000070000ddc9000,0x000070000dec9000)]
  0x0000000101842000 JavaThread "Signal Dispatcher" daemon [_thread_blocked, id=31235, stack(0x000070000dcc6000,0x000070000ddc6000)]
  0x0000000100814000 JavaThread "Surrogate Locker Thread (Concurrent GC)" daemon [_thread_blocked, id=30467, stack(0x000070000dbc3000,0x000070000dcc3000)]
  0x000000010181f000 JavaThread "Finalizer" daemon [_thread_blocked, id=29443, stack(0x000070000dac0000,0x000070000dbc0000)]
  0x000000010181e000 JavaThread "Reference Handler" daemon [_thread_blocked, id=28931, stack(0x000070000d9bd000,0x000070000dabd000)]
  0x0000000101814800 JavaThread "main" [_thread_in_native, id=775, stack(0x00007fff5f400000,0x00007fff5fc00000)]

Other Threads:
  0x0000000101141800 VMThread [stack: 0x000070000d8ba000,0x000070000d9ba000] [id=28419]
  0x0000000101882800 WatcherThread [stack: 0x000070000e1d5000,0x000070000e2d5000] [id=33795]

VM state:not at safepoint (normal execution)

VM Mutex/Monitor currently owned by a thread: None

Heap:
 garbage-first heap   total 265216K, used 186501K [0x0000000780000000, 0x0000000780100818, 0x00000007c0000000)
  region size 1024K, 96 young (98304K), 3 survivors (3072K)
 Metaspace       used 114613K, capacity 124988K, committed 125280K, reserved 1157120K
  class space    used 13914K, capacity 17184K, committed 17300K, reserved 1048576K

Heap Regions: (Y=young(eden), SU=young(survivor), HS=humongous(starts), HC=humongous(continues), CS=collection set, F=free, TS=gc time stamp, PTAMS=previous top-at-mark-start, NTAMS=next top-at-mark-start)
AC   0  O    TS     0 PTAMS 0x0000000780100000 NTAMS 0x0000000780100000 space 1024K, 100% used [0x0000000780000000, 0x0000000780100000)
AC   0  O    TS     0 PTAMS 0x0000000780200000 NTAMS 0x0000000780200000 space 1024K, 100% used [0x0000000780100000, 0x0000000780200000)
AC   0  O    TS     0 PTAMS 0x0000000780300000 NTAMS 0x0000000780300000 space 1024K, 100% used [0x0000000780200000, 0x0000000780300000)
AC   0  O    TS     0 PTAMS 0x0000000780400000 NTAMS 0x0000000780400000 space 1024K, 100% used [0x0000000780300000, 0x0000000780400000)
AC   0  O    TS     0 PTAMS 0x0000000780500000 NTAMS 0x0000000780500000 space 1024K, 100% used [0x0000000780400000, 0x0000000780500000)
AC   0  O    TS     0 PTAMS 0x0000000780600000 NTAMS 0x0000000780600000 space 1024K, 100% used [0x0000000780500000, 0x0000000780600000)
AC   0  O    TS     0 PTAMS 0x0000000780700000 NTAMS 0x0000000780700000 space 1024K, 100% used [0x0000000780600000, 0x0000000780700000)
AC   0  O    TS     0 PTAMS 0x0000000780800000 NTAMS 0x0000000780800000 space 1024K, 100% used [0x0000000780700000, 0x0000000780800000)
AC   0  O    TS     0 PTAMS 0x0000000780900000 NTAMS 0x0000000780900000 space 1024K, 100% used [0x0000000780800000, 0x0000000780900000)
AC   0  O    TS     0 PTAMS 0x0000000780a00000 NTAMS 0x0000000780a00000 space 1024K, 100% used [0x0000000780900000, 0x0000000780a00000)
AC   0  O    TS     0 PTAMS 0x0000000780b00000 NTAMS 0x0000000780b00000 space 1024K, 100% used [0x0000000780a00000, 0x0000000780b00000)
AC   0  O    TS     0 PTAMS 0x0000000780c00000 NTAMS 0x0000000780c00000 space 1024K, 100% used [0x0000000780b00000, 0x0000000780c00000)
AC   0  O    TS     0 PTAMS 0x0000000780d00000 NTAMS 0x0000000780d00000 space 1024K, 100% used [0x0000000780c00000, 0x0000000780d00000)
AC   0  O    TS     0 PTAMS 0x0000000780e00000 NTAMS 0x0000000780e00000 space 1024K, 100% used [0x0000000780d00000, 0x0000000780e00000)
AC   0  O    TS     0 PTAMS 0x0000000780f00000 NTAMS 0x0000000780f00000 space 1024K, 100% used [0x0000000780e00000, 0x0000000780f00000)
AC   0  O    TS     0 PTAMS 0x0000000781000000 NTAMS 0x0000000781000000 space 1024K, 100% used [0x0000000780f00000, 0x0000000781000000)
AC   0  O    TS     0 PTAMS 0x0000000781100000 NTAMS 0x0000000781100000 space 1024K, 100% used [0x0000000781000000, 0x0000000781100000)
AC   0  O    TS     0 PTAMS 0x0000000781200000 NTAMS 0x0000000781200000 space 1024K, 100% used [0x0000000781100000, 0x0000000781200000)
AC   0  O    TS     5 PTAMS 0x0000000781200000 NTAMS 0x0000000781200000 space 1024K, 100% used [0x0000000781200000, 0x0000000781300000)
AC   0  O    TS     3 PTAMS 0x0000000781300000 NTAMS 0x0000000781300000 space 1024K, 100% used [0x0000000781300000, 0x0000000781400000)
AC   0  O    TS     0 PTAMS 0x0000000781500000 NTAMS 0x0000000781500000 space 1024K, 100% used [0x0000000781400000, 0x0000000781500000)
AC   0  O    TS     0 PTAMS 0x0000000781600000 NTAMS 0x0000000781600000 space 1024K, 100% used [0x0000000781500000, 0x0000000781600000)
AC   0  O    TS     0 PTAMS 0x0000000781700000 NTAMS 0x0000000781700000 space 1024K, 100% used [0x0000000781600000, 0x0000000781700000)
AC   0  O    TS     0 PTAMS 0x0000000781800000 NTAMS 0x0000000781800000 space 1024K, 100% used [0x0000000781700000, 0x0000000781800000)
AC   0  O    TS     0 PTAMS 0x0000000781900000 NTAMS 0x0000000781900000 space 1024K, 100% used [0x0000000781800000, 0x0000000781900000)
AC   0  O    TS     0 PTAMS 0x0000000781a00000 NTAMS 0x0000000781a00000 space 1024K, 100% used [0x0000000781900000, 0x0000000781a00000)
AC   0  O    TS     0 PTAMS 0x0000000781b00000 NTAMS 0x0000000781b00000 space 1024K, 100% used [0x0000000781a00000, 0x0000000781b00000)
AC   0  O    TS     0 PTAMS 0x0000000781c00000 NTAMS 0x0000000781c00000 space 1024K, 100% used [0x0000000781b00000, 0x0000000781c00000)
AC   0  O    TS     0 PTAMS 0x0000000781d00000 NTAMS 0x0000000781d00000 space 1024K, 100% used [0x0000000781c00000, 0x0000000781d00000)
AC   0  O    TS     0 PTAMS 0x0000000781e00000 NTAMS 0x0000000781e00000 space 1024K, 100% used [0x0000000781d00000, 0x0000000781e00000)
AC   0  O    TS     0 PTAMS 0x0000000781f00000 NTAMS 0x0000000781f00000 space 1024K, 100% used [0x0000000781e00000, 0x0000000781f00000)
AC   0  O    TS     0 PTAMS 0x0000000782000000 NTAMS 0x0000000782000000 space 1024K, 100% used [0x0000000781f00000, 0x0000000782000000)
AC   0  O    TS     0 PTAMS 0x0000000782100000 NTAMS 0x0000000782100000 space 1024K, 100% used [0x0000000782000000, 0x0000000782100000)
AC   0  O    TS     0 PTAMS 0x0000000782200000 NTAMS 0x0000000782200000 space 1024K, 100% used [0x0000000782100000, 0x0000000782200000)
AC   0  O    TS     0 PTAMS 0x0000000782300000 NTAMS 0x0000000782300000 space 1024K, 100% used [0x0000000782200000, 0x0000000782300000)
AC   0  O    TS     0 PTAMS 0x0000000782400000 NTAMS 0x0000000782400000 space 1024K, 100% used [0x0000000782300000, 0x0000000782400000)
AC   0  F    TS     0 PTAMS 0x0000000782400000 NTAMS 0x0000000782400000 space 1024K,   0% used [0x0000000782400000, 0x0000000782500000)
AC   0  O    TS     0 PTAMS 0x0000000782600000 NTAMS 0x0000000782600000 space 1024K, 100% used [0x0000000782500000, 0x0000000782600000)
AC   0  O    TS     0 PTAMS 0x0000000782700000 NTAMS 0x0000000782700000 space 1024K, 100% used [0x0000000782600000, 0x0000000782700000)
AC   0  O    TS     0 PTAMS 0x0000000782800000 NTAMS 0x0000000782800000 space 1024K, 100% used [0x0000000782700000, 0x0000000782800000)
AC   0  O    TS     0 PTAMS 0x0000000782900000 NTAMS 0x0000000782900000 space 1024K, 100% used [0x0000000782800000, 0x0000000782900000)
AC   0  O    TS     0 PTAMS 0x0000000782a00000 NTAMS 0x0000000782a00000 space 1024K, 100% used [0x0000000782900000, 0x0000000782a00000)
AC   0  F    TS     0 PTAMS 0x0000000782a00000 NTAMS 0x0000000782a00000 space 1024K,   0% used [0x0000000782a00000, 0x0000000782b00000)
AC   0  O    TS     0 PTAMS 0x0000000782c00000 NTAMS 0x0000000782c00000 space 1024K, 100% used [0x0000000782b00000, 0x0000000782c00000)
AC   0  O    TS     0 PTAMS 0x0000000782d00000 NTAMS 0x0000000782d00000 space 1024K, 100% used [0x0000000782c00000, 0x0000000782d00000)
AC   0  O    TS     3 PTAMS 0x0000000782d00000 NTAMS 0x0000000782d00000 space 1024K, 100% used [0x0000000782d00000, 0x0000000782e00000)
AC   0  O    TS     5 PTAMS 0x0000000782e00000 NTAMS 0x0000000782e00000 space 1024K, 100% used [0x0000000782e00000, 0x0000000782f00000)
AC   0  O    TS     0 PTAMS 0x0000000783000000 NTAMS 0x0000000783000000 space 1024K, 100% used [0x0000000782f00000, 0x0000000783000000)
AC   0  O    TS     0 PTAMS 0x0000000783100000 NTAMS 0x0000000783100000 space 1024K, 100% used [0x0000000783000000, 0x0000000783100000)
AC   0  O    TS     0 PTAMS 0x0000000783200000 NTAMS 0x0000000783200000 space 1024K, 100% used [0x0000000783100000, 0x0000000783200000)
AC   0  O    TS     0 PTAMS 0x0000000783300000 NTAMS 0x0000000783300000 space 1024K, 100% used [0x0000000783200000, 0x0000000783300000)
AC   0  O    TS     0 PTAMS 0x0000000783400000 NTAMS 0x0000000783400000 space 1024K, 100% used [0x0000000783300000, 0x0000000783400000)
AC   0  O    TS     0 PTAMS 0x0000000783500000 NTAMS 0x0000000783500000 space 1024K, 100% used [0x0000000783400000, 0x0000000783500000)
AC   0  O    TS     5 PTAMS 0x0000000783500000 NTAMS 0x0000000783500000 space 1024K, 100% used [0x0000000783500000, 0x0000000783600000)
AC   0  O    TS     0 PTAMS 0x0000000783700000 NTAMS 0x0000000783700000 space 1024K, 100% used [0x0000000783600000, 0x0000000783700000)
AC   0  O    TS     0 PTAMS 0x0000000783800000 NTAMS 0x0000000783800000 space 1024K, 100% used [0x0000000783700000, 0x0000000783800000)
AC   0  O    TS     5 PTAMS 0x0000000783800000 NTAMS 0x0000000783800000 space 1024K, 100% used [0x0000000783800000, 0x0000000783900000)
AC   0  O    TS     0 PTAMS 0x0000000783a00000 NTAMS 0x0000000783a00000 space 1024K, 100% used [0x0000000783900000, 0x0000000783a00000)
AC   0  O    TS     0 PTAMS 0x0000000783b00000 NTAMS 0x0000000783b00000 space 1024K, 100% used [0x0000000783a00000, 0x0000000783b00000)
AC   0  O    TS     0 PTAMS 0x0000000783c00000 NTAMS 0x0000000783c00000 space 1024K, 100% used [0x0000000783b00000, 0x0000000783c00000)
AC   0  O    TS     0 PTAMS 0x0000000783d00000 NTAMS 0x0000000783d00000 space 1024K, 100% used [0x0000000783c00000, 0x0000000783d00000)
AC   0  O    TS     0 PTAMS 0x0000000783e00000 NTAMS 0x0000000783e00000 space 1024K, 100% used [0x0000000783d00000, 0x0000000783e00000)
AC   0  O    TS     0 PTAMS 0x0000000783f00000 NTAMS 0x0000000783f00000 space 1024K, 100% used [0x0000000783e00000, 0x0000000783f00000)
AC   0  O    TS     0 PTAMS 0x0000000784000000 NTAMS 0x0000000784000000 space 1024K, 100% used [0x0000000783f00000, 0x0000000784000000)
AC   0  O    TS     0 PTAMS 0x0000000784100000 NTAMS 0x0000000784100000 space 1024K, 100% used [0x0000000784000000, 0x0000000784100000)
AC   0  O    TS     0 PTAMS 0x0000000784200000 NTAMS 0x0000000784200000 space 1024K, 100% used [0x0000000784100000, 0x0000000784200000)
AC   0  O    TS     0 PTAMS 0x0000000784300000 NTAMS 0x0000000784300000 space 1024K, 100% used [0x0000000784200000, 0x0000000784300000)
AC   0  O    TS     0 PTAMS 0x0000000784400000 NTAMS 0x0000000784400000 space 1024K, 100% used [0x0000000784300000, 0x0000000784400000)
AC   0  O    TS     5 PTAMS 0x0000000784400000 NTAMS 0x0000000784400000 space 1024K, 100% used [0x0000000784400000, 0x0000000784500000)
AC   0  O    TS     5 PTAMS 0x0000000784500000 NTAMS 0x0000000784500000 space 1024K, 100% used [0x0000000784500000, 0x0000000784600000)
AC   0  O    TS     5 PTAMS 0x0000000784600000 NTAMS 0x0000000784600000 space 1024K, 100% used [0x0000000784600000, 0x0000000784700000)
AC   0  O    TS     5 PTAMS 0x0000000784700000 NTAMS 0x0000000784700000 space 1024K, 100% used [0x0000000784700000, 0x0000000784800000)
AC   0  O    TS     5 PTAMS 0x0000000784800000 NTAMS 0x0000000784800000 space 1024K, 100% used [0x0000000784800000, 0x0000000784900000)
AC   0  O    TS     5 PTAMS 0x0000000784900000 NTAMS 0x0000000784900000 space 1024K, 100% used [0x0000000784900000, 0x0000000784a00000)
AC   0  F    TS     0 PTAMS 0x0000000784a00000 NTAMS 0x0000000784a00000 space 1024K,   0% used [0x0000000784a00000, 0x0000000784b00000)
AC   0  F    TS     0 PTAMS 0x0000000784b00000 NTAMS 0x0000000784b00000 space 1024K,   0% used [0x0000000784b00000, 0x0000000784c00000)
AC   0  O    TS     7 PTAMS 0x0000000784c00000 NTAMS 0x0000000784c00000 space 1024K,  43% used [0x0000000784c00000, 0x0000000784d00000)
AC   0  F    TS     0 PTAMS 0x0000000784d00000 NTAMS 0x0000000784d00000 space 1024K,   0% used [0x0000000784d00000, 0x0000000784e00000)
AC   0  F    TS     0 PTAMS 0x0000000784e00000 NTAMS 0x0000000784e00000 space 1024K,   0% used [0x0000000784e00000, 0x0000000784f00000)
AC   0  F    TS     0 PTAMS 0x0000000784f00000 NTAMS 0x0000000784f00000 space 1024K,   0% used [0x0000000784f00000, 0x0000000785000000)
AC   0  F    TS     0 PTAMS 0x0000000785000000 NTAMS 0x0000000785000000 space 1024K,   0% used [0x0000000785000000, 0x0000000785100000)
AC   0  F    TS     0 PTAMS 0x0000000785100000 NTAMS 0x0000000785100000 space 1024K,   0% used [0x0000000785100000, 0x0000000785200000)
AC   0  F    TS     0 PTAMS 0x0000000785200000 NTAMS 0x0000000785200000 space 1024K,   0% used [0x0000000785200000, 0x0000000785300000)
AC   0  F    TS     0 PTAMS 0x0000000785300000 NTAMS 0x0000000785300000 space 1024K,   0% used [0x0000000785300000, 0x0000000785400000)
AC   0  O    TS     0 PTAMS 0x0000000785500000 NTAMS 0x0000000785500000 space 1024K, 100% used [0x0000000785400000, 0x0000000785500000)
AC   0  F    TS     0 PTAMS 0x0000000785500000 NTAMS 0x0000000785500000 space 1024K,   0% used [0x0000000785500000, 0x0000000785600000)
AC   0  F    TS     0 PTAMS 0x0000000785600000 NTAMS 0x0000000785600000 space 1024K,   0% used [0x0000000785600000, 0x0000000785700000)
AC   0  F    TS     0 PTAMS 0x0000000785700000 NTAMS 0x0000000785700000 space 1024K,   0% used [0x0000000785700000, 0x0000000785800000)
AC   0  F    TS     0 PTAMS 0x0000000785800000 NTAMS 0x0000000785800000 space 1024K,   0% used [0x0000000785800000, 0x0000000785900000)
AC   0  F    TS     0 PTAMS 0x0000000785900000 NTAMS 0x0000000785900000 space 1024K,   0% used [0x0000000785900000, 0x0000000785a00000)
AC   0  F    TS     0 PTAMS 0x0000000785a00000 NTAMS 0x0000000785a00000 space 1024K,   0% used [0x0000000785a00000, 0x0000000785b00000)
AC   0  F    TS     0 PTAMS 0x0000000785b00000 NTAMS 0x0000000785b00000 space 1024K,   0% used [0x0000000785b00000, 0x0000000785c00000)
AC   0  F    TS     0 PTAMS 0x0000000785c00000 NTAMS 0x0000000785c00000 space 1024K,   0% used [0x0000000785c00000, 0x0000000785d00000)
AC   0  F    TS     0 PTAMS 0x0000000785d00000 NTAMS 0x0000000785d00000 space 1024K,   0% used [0x0000000785d00000, 0x0000000785e00000)
AC   0  F    TS     0 PTAMS 0x0000000785e00000 NTAMS 0x0000000785e00000 space 1024K,   0% used [0x0000000785e00000, 0x0000000785f00000)
AC   0  F    TS     0 PTAMS 0x0000000785f00000 NTAMS 0x0000000785f00000 space 1024K,   0% used [0x0000000785f00000, 0x0000000786000000)
AC   0  F    TS     0 PTAMS 0x0000000786000000 NTAMS 0x0000000786000000 space 1024K,   0% used [0x0000000786000000, 0x0000000786100000)
AC   0  F    TS     0 PTAMS 0x0000000786100000 NTAMS 0x0000000786100000 space 1024K,   0% used [0x0000000786100000, 0x0000000786200000)
AC   0  F    TS     0 PTAMS 0x0000000786200000 NTAMS 0x0000000786200000 space 1024K,   0% used [0x0000000786200000, 0x0000000786300000)
AC   0  F    TS     0 PTAMS 0x0000000786300000 NTAMS 0x0000000786300000 space 1024K,   0% used [0x0000000786300000, 0x0000000786400000)
AC   0  F    TS     0 PTAMS 0x0000000786400000 NTAMS 0x0000000786400000 space 1024K,   0% used [0x0000000786400000, 0x0000000786500000)
AC   0  F    TS     0 PTAMS 0x0000000786500000 NTAMS 0x0000000786500000 space 1024K,   0% used [0x0000000786500000, 0x0000000786600000)
AC   0  F    TS     0 PTAMS 0x0000000786600000 NTAMS 0x0000000786600000 space 1024K,   0% used [0x0000000786600000, 0x0000000786700000)
AC   0  F    TS     0 PTAMS 0x0000000786700000 NTAMS 0x0000000786700000 space 1024K,   0% used [0x0000000786700000, 0x0000000786800000)
AC   0  F    TS     0 PTAMS 0x0000000786800000 NTAMS 0x0000000786800000 space 1024K,   0% used [0x0000000786800000, 0x0000000786900000)
AC   0  F    TS     0 PTAMS 0x0000000786900000 NTAMS 0x0000000786900000 space 1024K,   0% used [0x0000000786900000, 0x0000000786a00000)
AC   0  F    TS     0 PTAMS 0x0000000786a00000 NTAMS 0x0000000786a00000 space 1024K,   0% used [0x0000000786a00000, 0x0000000786b00000)
AC   0  F    TS     0 PTAMS 0x0000000786b00000 NTAMS 0x0000000786b00000 space 1024K,   0% used [0x0000000786b00000, 0x0000000786c00000)
AC   0  F    TS     0 PTAMS 0x0000000786c00000 NTAMS 0x0000000786c00000 space 1024K,   0% used [0x0000000786c00000, 0x0000000786d00000)
AC   0  S CS TS     7 PTAMS 0x0000000786d00000 NTAMS 0x0000000786d00000 space 1024K,  69% used [0x0000000786d00000, 0x0000000786e00000)
AC   0  S CS TS     7 PTAMS 0x0000000786e00000 NTAMS 0x0000000786e00000 space 1024K, 100% used [0x0000000786e00000, 0x0000000786f00000)
AC   0  S CS TS     7 PTAMS 0x0000000786f00000 NTAMS 0x0000000786f00000 space 1024K, 100% used [0x0000000786f00000, 0x0000000787000000)
AC   0  F    TS     0 PTAMS 0x0000000787000000 NTAMS 0x0000000787000000 space 1024K,   0% used [0x0000000787000000, 0x0000000787100000)
AC   0  F    TS     0 PTAMS 0x0000000787100000 NTAMS 0x0000000787100000 space 1024K,   0% used [0x0000000787100000, 0x0000000787200000)
AC   0  F    TS     0 PTAMS 0x0000000787200000 NTAMS 0x0000000787200000 space 1024K,   0% used [0x0000000787200000, 0x0000000787300000)
AC   0  F    TS     0 PTAMS 0x0000000787300000 NTAMS 0x0000000787300000 space 1024K,   0% used [0x0000000787300000, 0x0000000787400000)
AC   0  F    TS     0 PTAMS 0x0000000787400000 NTAMS 0x0000000787400000 space 1024K,   0% used [0x0000000787400000, 0x0000000787500000)
AC   0  F    TS     0 PTAMS 0x0000000787500000 NTAMS 0x0000000787500000 space 1024K,   0% used [0x0000000787500000, 0x0000000787600000)
AC   0  F    TS     0 PTAMS 0x0000000787600000 NTAMS 0x0000000787600000 space 1024K,   0% used [0x0000000787600000, 0x0000000787700000)
AC   0  F    TS     0 PTAMS 0x0000000787700000 NTAMS 0x0000000787700000 space 1024K,   0% used [0x0000000787700000, 0x0000000787800000)
AC   0  O    TS     0 PTAMS 0x0000000787900000 NTAMS 0x0000000787900000 space 1024K, 100% used [0x0000000787800000, 0x0000000787900000)
AC   0  F    TS     0 PTAMS 0x0000000787900000 NTAMS 0x0000000787900000 space 1024K,   0% used [0x0000000787900000, 0x0000000787a00000)
AC   0  O    TS     0 PTAMS 0x0000000787b00000 NTAMS 0x0000000787b00000 space 1024K, 100% used [0x0000000787a00000, 0x0000000787b00000)
AC   0  O    TS     0 PTAMS 0x0000000787c00000 NTAMS 0x0000000787c00000 space 1024K, 100% used [0x0000000787b00000, 0x0000000787c00000)
AC   0  O    TS     0 PTAMS 0x0000000787d00000 NTAMS 0x0000000787d00000 space 1024K, 100% used [0x0000000787c00000, 0x0000000787d00000)
AC   0  O    TS     0 PTAMS 0x0000000787e00000 NTAMS 0x0000000787e00000 space 1024K, 100% used [0x0000000787d00000, 0x0000000787e00000)
AC   0  F    TS     0 PTAMS 0x0000000787e00000 NTAMS 0x0000000787e00000 space 1024K,   0% used [0x0000000787e00000, 0x0000000787f00000)
AC   0  O    TS     0 PTAMS 0x0000000788000000 NTAMS 0x0000000788000000 space 1024K, 100% used [0x0000000787f00000, 0x0000000788000000)
AC   0  O    TS     0 PTAMS 0x0000000788100000 NTAMS 0x0000000788100000 space 1024K, 100% used [0x0000000788000000, 0x0000000788100000)
AC   0  O    TS     3 PTAMS 0x0000000788180008 NTAMS 0x0000000788180008 space 1024K, 100% used [0x0000000788100000, 0x0000000788200000)
AC   0  O    TS     0 PTAMS 0x0000000788300000 NTAMS 0x0000000788300000 space 1024K, 100% used [0x0000000788200000, 0x0000000788300000)
AC   0  F    TS     0 PTAMS 0x0000000788300000 NTAMS 0x0000000788300000 space 1024K,   0% used [0x0000000788300000, 0x0000000788400000)
AC   0  F    TS     0 PTAMS 0x0000000788400000 NTAMS 0x0000000788400000 space 1024K,   0% used [0x0000000788400000, 0x0000000788500000)
AC   0  F    TS     0 PTAMS 0x0000000788500000 NTAMS 0x0000000788500000 space 1024K,   0% used [0x0000000788500000, 0x0000000788600000)
AC   0  F    TS     0 PTAMS 0x0000000788600000 NTAMS 0x0000000788600000 space 1024K,   0% used [0x0000000788600000, 0x0000000788700000)
AC   0  F    TS     0 PTAMS 0x0000000788700000 NTAMS 0x0000000788700000 space 1024K,   0% used [0x0000000788700000, 0x0000000788800000)
AC   0  F    TS     0 PTAMS 0x0000000788800000 NTAMS 0x0000000788800000 space 1024K,   0% used [0x0000000788800000, 0x0000000788900000)
AC   0  F    TS     0 PTAMS 0x0000000788900000 NTAMS 0x0000000788900000 space 1024K,   0% used [0x0000000788900000, 0x0000000788a00000)
AC   0  F    TS     0 PTAMS 0x0000000788a00000 NTAMS 0x0000000788a00000 space 1024K,   0% used [0x0000000788a00000, 0x0000000788b00000)
AC   0  F    TS     0 PTAMS 0x0000000788b00000 NTAMS 0x0000000788b00000 space 1024K,   0% used [0x0000000788b00000, 0x0000000788c00000)
AC   0  F    TS     0 PTAMS 0x0000000788c00000 NTAMS 0x0000000788c00000 space 1024K,   0% used [0x0000000788c00000, 0x0000000788d00000)
AC   0  F    TS     0 PTAMS 0x0000000788d00000 NTAMS 0x0000000788d00000 space 1024K,   0% used [0x0000000788d00000, 0x0000000788e00000)
AC   0  F    TS     0 PTAMS 0x0000000788e00000 NTAMS 0x0000000788e00000 space 1024K,   0% used [0x0000000788e00000, 0x0000000788f00000)
AC   0  O    TS     0 PTAMS 0x0000000789000000 NTAMS 0x0000000789000000 space 1024K, 100% used [0x0000000788f00000, 0x0000000789000000)
AC   0  O    TS     0 PTAMS 0x0000000789100000 NTAMS 0x0000000789100000 space 1024K, 100% used [0x0000000789000000, 0x0000000789100000)
AC   0  O    TS     0 PTAMS 0x0000000789200000 NTAMS 0x0000000789200000 space 1024K, 100% used [0x0000000789100000, 0x0000000789200000)
AC   0  F    TS     0 PTAMS 0x0000000789200000 NTAMS 0x0000000789200000 space 1024K,   0% used [0x0000000789200000, 0x0000000789300000)
AC   0  O    TS     0 PTAMS 0x0000000789400000 NTAMS 0x0000000789400000 space 1024K, 100% used [0x0000000789300000, 0x0000000789400000)
AC   0  F    TS     0 PTAMS 0x0000000789400000 NTAMS 0x0000000789400000 space 1024K,   0% used [0x0000000789400000, 0x0000000789500000)
AC   0  F    TS     0 PTAMS 0x0000000789500000 NTAMS 0x0000000789500000 space 1024K,   0% used [0x0000000789500000, 0x0000000789600000)
AC   0  O    TS     0 PTAMS 0x0000000789700000 NTAMS 0x0000000789700000 space 1024K, 100% used [0x0000000789600000, 0x0000000789700000)
AC   0  F    TS     0 PTAMS 0x0000000789700000 NTAMS 0x0000000789700000 space 1024K,   0% used [0x0000000789700000, 0x0000000789800000)
AC   0  F    TS     0 PTAMS 0x0000000789800000 NTAMS 0x0000000789800000 space 1024K,   0% used [0x0000000789800000, 0x0000000789900000)
AC   0  F    TS     0 PTAMS 0x0000000789900000 NTAMS 0x0000000789900000 space 1024K,   0% used [0x0000000789900000, 0x0000000789a00000)
AC   0  F    TS     0 PTAMS 0x0000000789a00000 NTAMS 0x0000000789a00000 space 1024K,   0% used [0x0000000789a00000, 0x0000000789b00000)
AC   0  F    TS     0 PTAMS 0x0000000789b00000 NTAMS 0x0000000789b00000 space 1024K,   0% used [0x0000000789b00000, 0x0000000789c00000)
AC   0  F    TS     0 PTAMS 0x0000000789c00000 NTAMS 0x0000000789c00000 space 1024K,   0% used [0x0000000789c00000, 0x0000000789d00000)
AC   0  F    TS     0 PTAMS 0x0000000789d00000 NTAMS 0x0000000789d00000 space 1024K,   0% used [0x0000000789d00000, 0x0000000789e00000)
AC   0  F    TS     0 PTAMS 0x0000000789e00000 NTAMS 0x0000000789e00000 space 1024K,   0% used [0x0000000789e00000, 0x0000000789f00000)
AC   0  F    TS     0 PTAMS 0x0000000789f00000 NTAMS 0x0000000789f00000 space 1024K,   0% used [0x0000000789f00000, 0x000000078a000000)
AC   0  F    TS     0 PTAMS 0x000000078a000000 NTAMS 0x000000078a000000 space 1024K,   0% used [0x000000078a000000, 0x000000078a100000)
AC   0  F    TS     0 PTAMS 0x000000078a100000 NTAMS 0x000000078a100000 space 1024K,   0% used [0x000000078a100000, 0x000000078a200000)
AC   0  F    TS     0 PTAMS 0x000000078a200000 NTAMS 0x000000078a200000 space 1024K,   0% used [0x000000078a200000, 0x000000078a300000)
AC   0  F    TS     0 PTAMS 0x000000078a300000 NTAMS 0x000000078a300000 space 1024K,   0% used [0x000000078a300000, 0x000000078a400000)
AC   0  F    TS     0 PTAMS 0x000000078a400000 NTAMS 0x000000078a400000 space 1024K,   0% used [0x000000078a400000, 0x000000078a500000)
AC   0  F    TS     0 PTAMS 0x000000078a500000 NTAMS 0x000000078a500000 space 1024K,   0% used [0x000000078a500000, 0x000000078a600000)
AC   0  E    TS     0 PTAMS 0x000000078a600000 NTAMS 0x000000078a600000 space 1024K,  50% used [0x000000078a600000, 0x000000078a700000)
AC   0  E CS TS     0 PTAMS 0x000000078a700000 NTAMS 0x000000078a700000 space 1024K, 100% used [0x000000078a700000, 0x000000078a800000)
AC   0  E CS TS     0 PTAMS 0x000000078a800000 NTAMS 0x000000078a800000 space 1024K, 100% used [0x000000078a800000, 0x000000078a900000)
AC   0  E CS TS     0 PTAMS 0x000000078a900000 NTAMS 0x000000078a900000 space 1024K, 100% used [0x000000078a900000, 0x000000078aa00000)
AC   0  E CS TS     0 PTAMS 0x000000078aa00000 NTAMS 0x000000078aa00000 space 1024K, 100% used [0x000000078aa00000, 0x000000078ab00000)
AC   0  E CS TS     0 PTAMS 0x000000078ab00000 NTAMS 0x000000078ab00000 space 1024K, 100% used [0x000000078ab00000, 0x000000078ac00000)
AC   0  E CS TS     0 PTAMS 0x000000078ac00000 NTAMS 0x000000078ac00000 space 1024K, 100% used [0x000000078ac00000, 0x000000078ad00000)
AC   0  E CS TS     0 PTAMS 0x000000078ad00000 NTAMS 0x000000078ad00000 space 1024K, 100% used [0x000000078ad00000, 0x000000078ae00000)
AC   0  E CS TS     1 PTAMS 0x000000078ae00000 NTAMS 0x000000078ae00000 space 1024K, 100% used [0x000000078ae00000, 0x000000078af00000)
AC   0  E CS TS     1 PTAMS 0x000000078af00000 NTAMS 0x000000078af00000 space 1024K, 100% used [0x000000078af00000, 0x000000078b000000)
AC   0  E CS TS     1 PTAMS 0x000000078b000000 NTAMS 0x000000078b000000 space 1024K, 100% used [0x000000078b000000, 0x000000078b100000)
AC   0  E CS TS     0 PTAMS 0x000000078b100000 NTAMS 0x000000078b100000 space 1024K, 100% used [0x000000078b100000, 0x000000078b200000)
AC   0  E CS TS     0 PTAMS 0x000000078b200000 NTAMS 0x000000078b200000 space 1024K, 100% used [0x000000078b200000, 0x000000078b300000)
AC   0  E CS TS     0 PTAMS 0x000000078b300000 NTAMS 0x000000078b300000 space 1024K, 100% used [0x000000078b300000, 0x000000078b400000)
AC   0  E CS TS     0 PTAMS 0x000000078b400000 NTAMS 0x000000078b400000 space 1024K, 100% used [0x000000078b400000, 0x000000078b500000)
AC   0  E CS TS     0 PTAMS 0x000000078b500000 NTAMS 0x000000078b500000 space 1024K, 100% used [0x000000078b500000, 0x000000078b600000)
AC   0  E CS TS     0 PTAMS 0x000000078b600000 NTAMS 0x000000078b600000 space 1024K, 100% used [0x000000078b600000, 0x000000078b700000)
AC   0  E CS TS     0 PTAMS 0x000000078b700000 NTAMS 0x000000078b700000 space 1024K, 100% used [0x000000078b700000, 0x000000078b800000)
AC   0  E CS TS     0 PTAMS 0x000000078b800000 NTAMS 0x000000078b800000 space 1024K, 100% used [0x000000078b800000, 0x000000078b900000)
AC   0  E CS TS     0 PTAMS 0x000000078b900000 NTAMS 0x000000078b900000 space 1024K, 100% used [0x000000078b900000, 0x000000078ba00000)
AC   0  E CS TS     0 PTAMS 0x000000078ba00000 NTAMS 0x000000078ba00000 space 1024K, 100% used [0x000000078ba00000, 0x000000078bb00000)
AC   0  E CS TS     0 PTAMS 0x000000078bb00000 NTAMS 0x000000078bb00000 space 1024K, 100% used [0x000000078bb00000, 0x000000078bc00000)
AC   0  E CS TS     0 PTAMS 0x000000078bc00000 NTAMS 0x000000078bc00000 space 1024K, 100% used [0x000000078bc00000, 0x000000078bd00000)
AC   0  E CS TS     0 PTAMS 0x000000078bd00000 NTAMS 0x000000078bd00000 space 1024K, 100% used [0x000000078bd00000, 0x000000078be00000)
AC   0  E CS TS     0 PTAMS 0x000000078be00000 NTAMS 0x000000078be00000 space 1024K, 100% used [0x000000078be00000, 0x000000078bf00000)
AC   0  E CS TS     0 PTAMS 0x000000078bf00000 NTAMS 0x000000078bf00000 space 1024K, 100% used [0x000000078bf00000, 0x000000078c000000)
AC   0  E CS TS     0 PTAMS 0x000000078c000000 NTAMS 0x000000078c000000 space 1024K, 100% used [0x000000078c000000, 0x000000078c100000)
AC   0  E CS TS     0 PTAMS 0x000000078c100000 NTAMS 0x000000078c100000 space 1024K, 100% used [0x000000078c100000, 0x000000078c200000)
AC   0  E CS TS     0 PTAMS 0x000000078c200000 NTAMS 0x000000078c200000 space 1024K, 100% used [0x000000078c200000, 0x000000078c300000)
AC   0  E CS TS     0 PTAMS 0x000000078c300000 NTAMS 0x000000078c300000 space 1024K, 100% used [0x000000078c300000, 0x000000078c400000)
AC   0  E CS TS     0 PTAMS 0x000000078c400000 NTAMS 0x000000078c400000 space 1024K, 100% used [0x000000078c400000, 0x000000078c500000)
AC   0  E CS TS     0 PTAMS 0x000000078c500000 NTAMS 0x000000078c500000 space 1024K, 100% used [0x000000078c500000, 0x000000078c600000)
AC   0  E CS TS     0 PTAMS 0x000000078c600000 NTAMS 0x000000078c600000 space 1024K, 100% used [0x000000078c600000, 0x000000078c700000)
AC   0  E CS TS     0 PTAMS 0x000000078c700000 NTAMS 0x000000078c700000 space 1024K, 100% used [0x000000078c700000, 0x000000078c800000)
AC   0  E CS TS     0 PTAMS 0x000000078c800000 NTAMS 0x000000078c800000 space 1024K, 100% used [0x000000078c800000, 0x000000078c900000)
AC   0  E CS TS     0 PTAMS 0x000000078c900000 NTAMS 0x000000078c900000 space 1024K, 100% used [0x000000078c900000, 0x000000078ca00000)
AC   0  E CS TS     0 PTAMS 0x000000078ca00000 NTAMS 0x000000078ca00000 space 1024K, 100% used [0x000000078ca00000, 0x000000078cb00000)
AC   0  E CS TS     0 PTAMS 0x000000078cb00000 NTAMS 0x000000078cb00000 space 1024K, 100% used [0x000000078cb00000, 0x000000078cc00000)
AC   0  E CS TS     0 PTAMS 0x000000078cc00000 NTAMS 0x000000078cc00000 space 1024K, 100% used [0x000000078cc00000, 0x000000078cd00000)
AC   0  E CS TS     0 PTAMS 0x000000078cd00000 NTAMS 0x000000078cd00000 space 1024K, 100% used [0x000000078cd00000, 0x000000078ce00000)
AC   0  E CS TS     0 PTAMS 0x000000078ce00000 NTAMS 0x000000078ce00000 space 1024K, 100% used [0x000000078ce00000, 0x000000078cf00000)
AC   0  E CS TS     0 PTAMS 0x000000078cf00000 NTAMS 0x000000078cf00000 space 1024K, 100% used [0x000000078cf00000, 0x000000078d000000)
AC   0  E CS TS     0 PTAMS 0x000000078d000000 NTAMS 0x000000078d000000 space 1024K, 100% used [0x000000078d000000, 0x000000078d100000)
AC   0  E CS TS     0 PTAMS 0x000000078d100000 NTAMS 0x000000078d100000 space 1024K, 100% used [0x000000078d100000, 0x000000078d200000)
AC   0  E CS TS     0 PTAMS 0x000000078d200000 NTAMS 0x000000078d200000 space 1024K, 100% used [0x000000078d200000, 0x000000078d300000)
AC   0  E CS TS     0 PTAMS 0x000000078d300000 NTAMS 0x000000078d300000 space 1024K, 100% used [0x000000078d300000, 0x000000078d400000)
AC   0  E CS TS     0 PTAMS 0x000000078d400000 NTAMS 0x000000078d400000 space 1024K, 100% used [0x000000078d400000, 0x000000078d500000)
AC   0  E CS TS     0 PTAMS 0x000000078d500000 NTAMS 0x000000078d500000 space 1024K, 100% used [0x000000078d500000, 0x000000078d600000)
AC   0  E CS TS     0 PTAMS 0x000000078d600000 NTAMS 0x000000078d600000 space 1024K, 100% used [0x000000078d600000, 0x000000078d700000)
AC   0  E CS TS     0 PTAMS 0x000000078d700000 NTAMS 0x000000078d700000 space 1024K, 100% used [0x000000078d700000, 0x000000078d800000)
AC   0  E CS TS     0 PTAMS 0x000000078d800000 NTAMS 0x000000078d800000 space 1024K, 100% used [0x000000078d800000, 0x000000078d900000)
AC   0  E CS TS     0 PTAMS 0x000000078d900000 NTAMS 0x000000078d900000 space 1024K, 100% used [0x000000078d900000, 0x000000078da00000)
AC   0  E CS TS     0 PTAMS 0x000000078da00000 NTAMS 0x000000078da00000 space 1024K, 100% used [0x000000078da00000, 0x000000078db00000)
AC   0  E CS TS     0 PTAMS 0x000000078db00000 NTAMS 0x000000078db00000 space 1024K, 100% used [0x000000078db00000, 0x000000078dc00000)
AC   0  E CS TS     0 PTAMS 0x000000078dc00000 NTAMS 0x000000078dc00000 space 1024K, 100% used [0x000000078dc00000, 0x000000078dd00000)
AC   0  E CS TS     0 PTAMS 0x000000078dd00000 NTAMS 0x000000078dd00000 space 1024K, 100% used [0x000000078dd00000, 0x000000078de00000)
AC   0  E CS TS     0 PTAMS 0x000000078de00000 NTAMS 0x000000078de00000 space 1024K, 100% used [0x000000078de00000, 0x000000078df00000)
AC   0  E CS TS     0 PTAMS 0x000000078df00000 NTAMS 0x000000078df00000 space 1024K, 100% used [0x000000078df00000, 0x000000078e000000)
AC   0  E CS TS     0 PTAMS 0x000000078e000000 NTAMS 0x000000078e000000 space 1024K, 100% used [0x000000078e000000, 0x000000078e100000)
AC   0  E CS TS     0 PTAMS 0x000000078e100000 NTAMS 0x000000078e100000 space 1024K, 100% used [0x000000078e100000, 0x000000078e200000)
AC   0  E CS TS     0 PTAMS 0x000000078e200000 NTAMS 0x000000078e200000 space 1024K, 100% used [0x000000078e200000, 0x000000078e300000)
AC   0  E CS TS     0 PTAMS 0x000000078e300000 NTAMS 0x000000078e300000 space 1024K, 100% used [0x000000078e300000, 0x000000078e400000)
AC   0  E CS TS     0 PTAMS 0x000000078e400000 NTAMS 0x000000078e400000 space 1024K, 100% used [0x000000078e400000, 0x000000078e500000)
AC   0  E CS TS     0 PTAMS 0x000000078e500000 NTAMS 0x000000078e500000 space 1024K, 100% used [0x000000078e500000, 0x000000078e600000)
AC   0  E CS TS     0 PTAMS 0x000000078e600000 NTAMS 0x000000078e600000 space 1024K, 100% used [0x000000078e600000, 0x000000078e700000)
AC   0  E CS TS     0 PTAMS 0x000000078e700000 NTAMS 0x000000078e700000 space 1024K, 100% used [0x000000078e700000, 0x000000078e800000)
AC   0  E CS TS     0 PTAMS 0x000000078e800000 NTAMS 0x000000078e800000 space 1024K, 100% used [0x000000078e800000, 0x000000078e900000)
AC   0  E CS TS     0 PTAMS 0x000000078e900000 NTAMS 0x000000078e900000 space 1024K, 100% used [0x000000078e900000, 0x000000078ea00000)
AC   0  E CS TS     0 PTAMS 0x000000078ea00000 NTAMS 0x000000078ea00000 space 1024K, 100% used [0x000000078ea00000, 0x000000078eb00000)
AC   0  E CS TS     0 PTAMS 0x000000078eb00000 NTAMS 0x000000078eb00000 space 1024K, 100% used [0x000000078eb00000, 0x000000078ec00000)
AC   0  E CS TS     0 PTAMS 0x000000078ec00000 NTAMS 0x000000078ec00000 space 1024K, 100% used [0x000000078ec00000, 0x000000078ed00000)
AC   0  E CS TS     0 PTAMS 0x000000078ed00000 NTAMS 0x000000078ed00000 space 1024K, 100% used [0x000000078ed00000, 0x000000078ee00000)
AC   0  E CS TS     0 PTAMS 0x000000078ee00000 NTAMS 0x000000078ee00000 space 1024K, 100% used [0x000000078ee00000, 0x000000078ef00000)
AC   0  E CS TS     0 PTAMS 0x000000078ef00000 NTAMS 0x000000078ef00000 space 1024K, 100% used [0x000000078ef00000, 0x000000078f000000)
AC   0  E CS TS     0 PTAMS 0x000000078f000000 NTAMS 0x000000078f000000 space 1024K, 100% used [0x000000078f000000, 0x000000078f100000)
AC   0  E CS TS     0 PTAMS 0x000000078f100000 NTAMS 0x000000078f100000 space 1024K, 100% used [0x000000078f100000, 0x000000078f200000)
AC   0  E CS TS     0 PTAMS 0x000000078f200000 NTAMS 0x000000078f200000 space 1024K, 100% used [0x000000078f200000, 0x000000078f300000)
AC   0  E CS TS     0 PTAMS 0x000000078f300000 NTAMS 0x000000078f300000 space 1024K, 100% used [0x000000078f300000, 0x000000078f400000)
AC   0  E CS TS     0 PTAMS 0x000000078f400000 NTAMS 0x000000078f400000 space 1024K, 100% used [0x000000078f400000, 0x000000078f500000)
AC   0  E CS TS     5 PTAMS 0x000000078f500000 NTAMS 0x000000078f500000 space 1024K, 100% used [0x000000078f500000, 0x000000078f600000)
AC   0  E CS TS     5 PTAMS 0x000000078f600000 NTAMS 0x000000078f600000 space 1024K, 100% used [0x000000078f600000, 0x000000078f700000)
AC   0  E CS TS     0 PTAMS 0x000000078f700000 NTAMS 0x000000078f700000 space 1024K, 100% used [0x000000078f700000, 0x000000078f800000)
AC   0  E CS TS     3 PTAMS 0x000000078f800000 NTAMS 0x000000078f800000 space 1024K, 100% used [0x000000078f800000, 0x000000078f900000)
AC   0  E CS TS     3 PTAMS 0x000000078f900000 NTAMS 0x000000078f900000 space 1024K, 100% used [0x000000078f900000, 0x000000078fa00000)
AC   0  E CS TS     0 PTAMS 0x000000078fa00000 NTAMS 0x000000078fa00000 space 1024K, 100% used [0x000000078fa00000, 0x000000078fb00000)
AC   0  E CS TS     0 PTAMS 0x000000078fb00000 NTAMS 0x000000078fb00000 space 1024K, 100% used [0x000000078fb00000, 0x000000078fc00000)
AC   0  E CS TS     0 PTAMS 0x000000078fc00000 NTAMS 0x000000078fc00000 space 1024K, 100% used [0x000000078fc00000, 0x000000078fd00000)
AC   0  E CS TS     0 PTAMS 0x000000078fd00000 NTAMS 0x000000078fd00000 space 1024K, 100% used [0x000000078fd00000, 0x000000078fe00000)
AC   0  E CS TS     0 PTAMS 0x000000078fe00000 NTAMS 0x000000078fe00000 space 1024K, 100% used [0x000000078fe00000, 0x000000078ff00000)
AC   0  E CS TS     0 PTAMS 0x000000078ff00000 NTAMS 0x000000078ff00000 space 1024K, 100% used [0x000000078ff00000, 0x0000000790000000)
AC   0  E CS TS     0 PTAMS 0x0000000790000000 NTAMS 0x0000000790000000 space 1024K, 100% used [0x0000000790000000, 0x0000000790100000)
AC   0  E CS TS     0 PTAMS 0x0000000790100000 NTAMS 0x0000000790100000 space 1024K, 100% used [0x0000000790100000, 0x0000000790200000)
AC   0  E CS TS     0 PTAMS 0x0000000790200000 NTAMS 0x0000000790200000 space 1024K, 100% used [0x0000000790200000, 0x0000000790300000)

Card table byte_map: [0x000000010646e000,0x000000010666e000] byte_map_base: 0x000000010286e000

Marking Bits (Prev, Next): (CMBitMap*) 0x0000000101060088, (CMBitMap*) 0x00000001010600e0
 Prev Bits: [0x000000010686e000, 0x000000010786e000)
 Next Bits: [0x000000010786e000, 0x000000010886e000)

Polling page: 0x000000010039d000

CodeCache: size=245760Kb used=86025Kb max_used=86359Kb free=159734Kb
 bounds [0x000000010c806000, 0x0000000111d36000, 0x000000011b806000]
 total_blobs=22084 nmethods=21303 adapters=686
 compilation: enabled

Compilation events (10 events):
Event: 7050.655 Thread 0x0000000101118800 28861  s    4       org.eclipse.debug.core.DebugPlugin::getLaunchManager (23 bytes)
Event: 7050.656 Thread 0x0000000101118800 nmethod 28861 0x0000000111241710 code [0x0000000111241860, 0x0000000111241a78]
Event: 7050.727 Thread 0x0000000101119000 28862   !   3       org.eclipse.cdt.internal.ui.buildconsole.BuildConsolePartitioner$1::logClose (73 bytes)
Event: 7050.728 Thread 0x0000000101119000 nmethod 28862 0x00000001115e4790 code [0x00000001115e49e0, 0x00000001115e54b8]
Event: 7050.784 Thread 0x0000000101843000 28863       4       org.eclipse.jface.text.AbstractDocument::getDocumentPartitioner (7 bytes)
Event: 7050.786 Thread 0x0000000101119000 28864       3       org.eclipse.ui.internal.navigator.NavigatorPipelineService$3::run (69 bytes)
Event: 7050.787 Thread 0x0000000101119000 nmethod 28864 0x000000010d2fd510 code [0x000000010d2fd700, 0x000000010d2fdff8]
Event: 7050.791 Thread 0x0000000101119000 28865       3       org.eclipse.ui.internal.navigator.extensions.SafeDelegateTreeContentProvider::interceptRefresh (26 bytes)
Event: 7050.791 Thread 0x0000000101119000 nmethod 28865 0x000000010efa2690 code [0x000000010efa2820, 0x000000010efa2ca8]
Event: 7050.793 Thread 0x0000000101843000 nmethod 28863 0x0000000111b91e10 code [0x0000000111b91fa0, 0x0000000111b925f8]

GC Heap History (10 events):
Event: 7006.331 GC heap before
{Heap before GC invocations=75 (full 0):
 garbage-first heap   total 265216K, used 225279K [0x0000000780000000, 0x0000000780100818, 0x00000007c0000000)
  region size 1024K, 88 young (90112K), 9 survivors (9216K)
 Metaspace       used 114502K, capacity 124918K, committed 125280K, reserved 1157120K
  class space    used 13913K, capacity 17183K, committed 17300K, reserved 1048576K
Event: 7006.365 GC heap after
Heap after GC invocations=76 (full 0):
 garbage-first heap   total 265216K, used 146943K [0x0000000780000000, 0x0000000780100818, 0x00000007c0000000)
  region size 1024K, 3 young (3072K), 3 survivors (3072K)
 Metaspace       used 114502K, capacity 124918K, committed 125280K, reserved 1157120K
  class space    used 13913K, capacity 17183K, committed 17300K, reserved 1048576K
}
Event: 7013.351 GC heap before
{Heap before GC invocations=77 (full 0):
 garbage-first heap   total 265216K, used 207359K [0x0000000780000000, 0x0000000780100818, 0x00000007c0000000)
  region size 1024K, 82 young (83968K), 3 survivors (3072K)
 Metaspace       used 114518K, capacity 124982K, committed 125280K, reserved 1157120K
  class space    used 13913K, capacity 17183K, committed 17300K, reserved 1048576K
Event: 7013.368 GC heap after
Heap after GC invocations=78 (full 0):
 garbage-first heap   total 265216K, used 125952K [0x0000000780000000, 0x0000000780100818, 0x00000007c0000000)
  region size 1024K, 3 young (3072K), 3 survivors (3072K)
 Metaspace       used 114518K, capacity 124982K, committed 125280K, reserved 1157120K
  class space    used 13913K, capacity 17183K, committed 17300K, reserved 1048576K
}
Event: 7013.625 GC heap before
{Heap before GC invocations=78 (full 0):
 garbage-first heap   total 265216K, used 135168K [0x0000000780000000, 0x0000000780100818, 0x00000007c0000000)
  region size 1024K, 12 young (12288K), 3 survivors (3072K)
 Metaspace       used 114521K, capacity 124982K, committed 125280K, reserved 1157120K
  class space    used 13913K, capacity 17183K, committed 17300K, reserved 1048576K
Event: 7013.637 GC heap after
Heap after GC invocations=79 (full 0):
 garbage-first heap   total 265216K, used 101773K [0x0000000780000000, 0x0000000780100818, 0x00000007c0000000)
  region size 1024K, 2 young (2048K), 2 survivors (2048K)
 Metaspace       used 114521K, capacity 124982K, committed 125280K, reserved 1157120K
  class space    used 13913K, capacity 17183K, committed 17300K, reserved 1048576K
}
Event: 7017.039 GC heap before
{Heap before GC invocations=79 (full 0):
 garbage-first heap   total 265216K, used 112013K [0x0000000780000000, 0x0000000780100818, 0x00000007c0000000)
  region size 1024K, 12 young (12288K), 2 survivors (2048K)
 Metaspace       used 114524K, capacity 124982K, committed 125280K, reserved 1157120K
  class space    used 13913K, capacity 17183K, committed 17300K, reserved 1048576K
Event: 7017.067 GC heap after
Heap after GC invocations=80 (full 0):
 garbage-first heap   total 265216K, used 90877K [0x0000000780000000, 0x0000000780100818, 0x00000007c0000000)
  region size 1024K, 2 young (2048K), 2 survivors (2048K)
 Metaspace       used 114524K, capacity 124982K, committed 125280K, reserved 1157120K
  class space    used 13913K, capacity 17183K, committed 17300K, reserved 1048576K
}
Event: 7043.410 GC heap before
{Heap before GC invocations=80 (full 0):
 garbage-first heap   total 265216K, used 225021K [0x0000000780000000, 0x0000000780100818, 0x00000007c0000000)
  region size 1024K, 133 young (136192K), 2 survivors (2048K)
 Metaspace       used 114584K, capacity 124982K, committed 125280K, reserved 1157120K
  class space    used 13913K, capacity 17183K, committed 17300K, reserved 1048576K
Event: 7043.440 GC heap after
Heap after GC invocations=81 (full 0):
 garbage-first heap   total 265216K, used 92293K [0x0000000780000000, 0x0000000780100818, 0x00000007c0000000)
  region size 1024K, 3 young (3072K), 3 survivors (3072K)
 Metaspace       used 114584K, capacity 124982K, committed 125280K, reserved 1157120K
  class space    used 13913K, capacity 17183K, committed 17300K, reserved 1048576K
}

Deoptimization events (10 events):
Event: 6998.787 Thread 0x000000012623d000 Uncommon trap: reason=unstable_if action=reinterpret pc=0x000000010f88c61c method=org.eclipse.cdt.internal.core.pdom.indexer.TodoTaskParser.isIdentifierPart(C)Z @ 9
Event: 7012.903 Thread 0x00000001246d6800 Uncommon trap: reason=unstable_if action=reinterpret pc=0x000000010ec47f9c method=org.eclipse.cdt.managedbuilder.internal.buildmodel.BuildDescription.findTypeForExtension(Lorg/eclipse/cdt/managedbuilder/internal/buildmodel/BuildStep;ZLjava/lang/String;)Lo
Event: 7013.349 Thread 0x00000001246d6800 Uncommon trap: reason=null_check action=make_not_entrant pc=0x00000001119a5334 method=org.eclipse.cdt.managedbuilder.language.settings.providers.ToolchainBuiltinSpecsDetector.getTool(Ljava/lang/String;Lorg/eclipse/cdt/managedbuilder/core/IToolChain;)Lorg/
Event: 7025.167 Thread 0x0000000101814800 Uncommon trap: reason=class_check action=maybe_recompile pc=0x000000010dfa3cfc method=org.eclipse.emf.ecore.util.EcoreEList.contains(Ljava/lang/Object;)Z @ 53
Event: 7025.253 Thread 0x0000000101814800 Uncommon trap: reason=predicate action=maybe_recompile pc=0x0000000110a55a20 method=org.eclipse.e4.ui.internal.workbench.swt.PartRenderingEngine.subscribeChildrenHandler(Lorg/osgi/service/event/Event;)V @ 453
Event: 7035.477 Thread 0x0000000101814800 Uncommon trap: reason=class_check action=maybe_recompile pc=0x000000011102a3a0 method=org.eclipse.emf.ecore.util.EcoreEList.inverseRemove(Ljava/lang/Object;Lorg/eclipse/emf/common/notify/NotificationChain;)Lorg/eclipse/emf/common/notify/NotificationChain;
Event: 7035.477 Thread 0x0000000101814800 Uncommon trap: reason=class_check action=maybe_recompile pc=0x000000011102a3a0 method=org.eclipse.emf.ecore.util.EcoreEList.inverseRemove(Ljava/lang/Object;Lorg/eclipse/emf/common/notify/NotificationChain;)Lorg/eclipse/emf/common/notify/NotificationChain;
Event: 7035.477 Thread 0x0000000101814800 Uncommon trap: reason=class_check action=maybe_recompile pc=0x000000011102a3a0 method=org.eclipse.emf.ecore.util.EcoreEList.inverseRemove(Ljava/lang/Object;Lorg/eclipse/emf/common/notify/NotificationChain;)Lorg/eclipse/emf/common/notify/NotificationChain;
Event: 7035.477 Thread 0x0000000101814800 Uncommon trap: reason=class_check action=maybe_recompile pc=0x000000011102a3a0 method=org.eclipse.emf.ecore.util.EcoreEList.inverseRemove(Ljava/lang/Object;Lorg/eclipse/emf/common/notify/NotificationChain;)Lorg/eclipse/emf/common/notify/NotificationChain;
Event: 7045.845 Thread 0x0000000101814800 Uncommon trap: reason=bimorphic action=maybe_recompile pc=0x00000001110baee0 method=org.eclipse.swt.widgets.Control.checkToolTip(Lorg/eclipse/swt/widgets/Widget;)V @ 34

Internal exceptions (10 events):
Event: 7039.185 Thread 0x0000000104246800 Exception <a 'java/lang/ArrayIndexOutOfBoundsException'> (0x000000078c28aaf8) thrown at [/Users/java_re/workspace/8-2-build-macosx-x86_64/jdk8u121/8372/hotspot/src/share/vm/runtime/sharedRuntime.cpp, line 605]
Event: 7042.904 Thread 0x0000000126df6000 Exception <a 'java/lang/UnsatisfiedLinkError': org.eclipse.cdt.utils.spawner.SpawnerInputStream.available0(I)I> (0x000000078af063a8) thrown at [/Users/java_re/workspace/8-2-build-macosx-x86_64/jdk8u121/8372/hotspot/src/share/vm/prims/nativeLookup.cpp, lin
Event: 7043.014 Thread 0x0000000101f99000 Exception <a 'java/lang/UnsatisfiedLinkError': org.eclipse.cdt.utils.spawner.SpawnerInputStream.available0(I)I> (0x000000078a15c1c8) thrown at [/Users/java_re/workspace/8-2-build-macosx-x86_64/jdk8u121/8372/hotspot/src/share/vm/prims/nativeLookup.cpp, lin
Event: 7043.110 Thread 0x0000000101f99000 Exception <a 'java/lang/UnsatisfiedLinkError': org.eclipse.cdt.utils.spawner.SpawnerInputStream.available0(I)I> (0x0000000788c063a8) thrown at [/Users/java_re/workspace/8-2-build-macosx-x86_64/jdk8u121/8372/hotspot/src/share/vm/prims/nativeLookup.cpp, lin
Event: 7043.246 Thread 0x0000000126559000 Exception <a 'java/lang/UnsatisfiedLinkError': org.eclipse.cdt.utils.spawner.SpawnerInputStream.available0(I)I> (0x0000000787406ba8) thrown at [/Users/java_re/workspace/8-2-build-macosx-x86_64/jdk8u121/8372/hotspot/src/share/vm/prims/nativeLookup.cpp, lin
Event: 7045.215 Thread 0x0000000126559000 Exception <a 'java/lang/UnsatisfiedLinkError': org.eclipse.cdt.utils.spawner.SpawnerInputStream.available0(I)I> (0x000000078f3a7ba0) thrown at [/Users/java_re/workspace/8-2-build-macosx-x86_64/jdk8u121/8372/hotspot/src/share/vm/prims/nativeLookup.cpp, lin
Event: 7045.336 Thread 0x0000000121c50000 Exception <a 'java/lang/UnsatisfiedLinkError': org.eclipse.cdt.utils.spawner.SpawnerInputStream.available0(I)I> (0x000000078e5f8150) thrown at [/Users/java_re/workspace/8-2-build-macosx-x86_64/jdk8u121/8372/hotspot/src/share/vm/prims/nativeLookup.cpp, lin
Event: 7045.469 Thread 0x00000001222b6000 Exception <a 'java/lang/UnsatisfiedLinkError': org.eclipse.cdt.utils.spawner.SpawnerInputStream.available0(I)I> (0x000000078d5720b8) thrown at [/Users/java_re/workspace/8-2-build-macosx-x86_64/jdk8u121/8372/hotspot/src/share/vm/prims/nativeLookup.cpp, lin
Event: 7045.595 Thread 0x00000001222b6000 Exception <a 'java/lang/UnsatisfiedLinkError': org.eclipse.cdt.utils.spawner.SpawnerInputStream.available0(I)I> (0x000000078c7f8260) thrown at [/Users/java_re/workspace/8-2-build-macosx-x86_64/jdk8u121/8372/hotspot/src/share/vm/prims/nativeLookup.cpp, lin
Event: 7050.601 Thread 0x0000000126fbb000 Exception <a 'java/lang/UnsatisfiedLinkError': org.eclipse.cdt.utils.spawner.SpawnerInputStream.available0(I)I> (0x000000078ab87498) thrown at [/Users/java_re/workspace/8-2-build-macosx-x86_64/jdk8u121/8372/hotspot/src/share/vm/prims/nativeLookup.cpp, lin

Events (10 events):
Event: 7050.642 Executing VM operation: RevokeBias
Event: 7050.642 Executing VM operation: RevokeBias done
Event: 7050.642 Executing VM operation: RevokeBias
Event: 7050.643 Executing VM operation: RevokeBias done
Event: 7050.657 Thread 0x0000000101118800 flushing nmethod 0x000000010d2fd690
Event: 7050.657 Thread 0x0000000101118800 flushing nmethod 0x000000010d3d6850
Event: 7050.788 Thread 0x0000000101119000 flushing nmethod 0x000000010da92850
Event: 7050.790 Thread 0x0000000101119000 flushing nmethod 0x000000010dcf8b10
Event: 7050.792 Thread 0x0000000101119000 flushing nmethod 0x000000010df8bc10
Event: 7050.810 Thread 0x00000001043af000 Thread added: 0x00000001043af000


Dynamic libraries:
0x000000005c251000 	/System/Library/Frameworks/Cocoa.framework/Versions/A/Cocoa
0x000000005c251000 	/usr/lib/libSystem.B.dylib
0x000000005c251000 	/System/Library/Frameworks/CoreServices.framework/Versions/A/CoreServices
0x000000005c251000 	/usr/lib/libobjc.A.dylib
0x000000005c251000 	/System/Library/Frameworks/CoreFoundation.framework/Versions/A/CoreFoundation
0x000000005c251000 	/System/Library/Frameworks/AppKit.framework/Versions/C/AppKit
0x000000005c251000 	/System/Library/Frameworks/ApplicationServices.framework/Versions/A/ApplicationServices
0x000000005c251000 	/System/Library/Frameworks/Foundation.framework/Versions/C/Foundation
0x000000005c251000 	/System/Library/Frameworks/CoreData.framework/Versions/A/CoreData
0x000000005c251000 	/System/Library/PrivateFrameworks/RemoteViewServices.framework/Versions/A/RemoteViewServices
0x000000005c251000 	/System/Library/PrivateFrameworks/UIFoundation.framework/Versions/A/UIFoundation
0x000000005c251000 	/System/Library/PrivateFrameworks/DFRFoundation.framework/Versions/A/DFRFoundation
0x000000005c251000 	/usr/lib/libenergytrace.dylib
0x000000005c251000 	/System/Library/PrivateFrameworks/SkyLight.framework/Versions/A/SkyLight
0x000000005c251000 	/System/Library/Frameworks/CoreGraphics.framework/Versions/A/CoreGraphics
0x000000005c251000 	/usr/lib/libScreenReader.dylib
0x000000005c251000 	/System/Library/Frameworks/Accelerate.framework/Versions/A/Accelerate
0x000000005c251000 	/System/Library/Frameworks/IOSurface.framework/Versions/A/IOSurface
0x000000005c251000 	/System/Library/Frameworks/AudioToolbox.framework/Versions/A/AudioToolbox
0x000000005c251000 	/System/Library/Frameworks/AudioUnit.framework/Versions/A/AudioUnit
0x000000005c251000 	/System/Library/PrivateFrameworks/DataDetectorsCore.framework/Versions/A/DataDetectorsCore
0x000000005c251000 	/System/Library/PrivateFrameworks/DesktopServicesPriv.framework/Versions/A/DesktopServicesPriv
0x000000005c251000 	/System/Library/Frameworks/Carbon.framework/Versions/A/Frameworks/HIToolbox.framework/Versions/A/HIToolbox
0x000000005c251000 	/usr/lib/libicucore.A.dylib
0x000000005c251000 	/usr/lib/libz.1.dylib
0x000000005c251000 	/System/Library/Frameworks/QuartzCore.framework/Versions/A/QuartzCore
0x000000005c251000 	/System/Library/Frameworks/Security.framework/Versions/A/Security
0x000000005c251000 	/System/Library/Frameworks/Carbon.framework/Versions/A/Frameworks/SpeechRecognition.framework/Versions/A/SpeechRecognition
0x000000005c251000 	/usr/lib/libauto.dylib
0x000000005c251000 	/usr/lib/libxml2.2.dylib
0x000000005c251000 	/System/Library/PrivateFrameworks/CoreUI.framework/Versions/A/CoreUI
0x000000005c251000 	/System/Library/Frameworks/CoreAudio.framework/Versions/A/CoreAudio
0x000000005c251000 	/System/Library/Frameworks/DiskArbitration.framework/Versions/A/DiskArbitration
0x000000005c251000 	/usr/lib/liblangid.dylib
0x000000005c251000 	/System/Library/PrivateFrameworks/MultitouchSupport.framework/Versions/A/MultitouchSupport
0x000000005c251000 	/System/Library/Frameworks/IOKit.framework/Versions/A/IOKit
0x000000005c251000 	/usr/lib/libDiagnosticMessagesClient.dylib
0x000000005c251000 	/System/Library/PrivateFrameworks/PerformanceAnalysis.framework/Versions/A/PerformanceAnalysis
0x000000005c251000 	/System/Library/PrivateFrameworks/GenerationalStorage.framework/Versions/A/GenerationalStorage
0x000000005c251000 	/System/Library/Frameworks/OpenGL.framework/Versions/A/OpenGL
0x000000005c251000 	/System/Library/Frameworks/CoreImage.framework/Versions/A/CoreImage
0x000000005c251000 	/System/Library/Frameworks/CoreText.framework/Versions/A/CoreText
0x000000005c251000 	/System/Library/Frameworks/ImageIO.framework/Versions/A/ImageIO
0x000000005c251000 	/System/Library/PrivateFrameworks/Backup.framework/Versions/A/Backup
0x000000005c251000 	/usr/lib/libarchive.2.dylib
0x000000005c251000 	/System/Library/Frameworks/CFNetwork.framework/Versions/A/CFNetwork
0x000000005c251000 	/System/Library/Frameworks/SystemConfiguration.framework/Versions/A/SystemConfiguration
0x000000005c251000 	/usr/lib/libCRFSuite.dylib
0x000000005c251000 	/usr/lib/libc++.1.dylib
0x000000005c251000 	/usr/lib/libc++abi.dylib
0x000000005c251000 	/usr/lib/system/libcache.dylib
0x000000005c251000 	/usr/lib/system/libcommonCrypto.dylib
0x000000005c251000 	/usr/lib/system/libcompiler_rt.dylib
0x000000005c251000 	/usr/lib/system/libcopyfile.dylib
0x000000005c251000 	/usr/lib/system/libcorecrypto.dylib
0x000000005c251000 	/usr/lib/system/libdispatch.dylib
0x000000005c251000 	/usr/lib/system/libdyld.dylib
0x000000005c251000 	/usr/lib/system/libkeymgr.dylib
0x000000005c251000 	/usr/lib/system/liblaunch.dylib
0x000000005c251000 	/usr/lib/system/libmacho.dylib
0x000000005c251000 	/usr/lib/system/libquarantine.dylib
0x000000005c251000 	/usr/lib/system/libremovefile.dylib
0x000000005c251000 	/usr/lib/system/libsystem_asl.dylib
0x000000005c251000 	/usr/lib/system/libsystem_blocks.dylib
0x000000005c251000 	/usr/lib/system/libsystem_c.dylib
0x000000005c251000 	/usr/lib/system/libsystem_configuration.dylib
0x000000005c251000 	/usr/lib/system/libsystem_coreservices.dylib
0x000000005c251000 	/usr/lib/system/libsystem_coretls.dylib
0x000000005c251000 	/usr/lib/system/libsystem_dnssd.dylib
0x000000005c251000 	/usr/lib/system/libsystem_info.dylib
0x000000005c251000 	/usr/lib/system/libsystem_kernel.dylib
0x000000005c251000 	/usr/lib/system/libsystem_m.dylib
0x000000005c251000 	/usr/lib/system/libsystem_malloc.dylib
0x000000005c251000 	/usr/lib/system/libsystem_network.dylib
0x000000005c251000 	/usr/lib/system/libsystem_networkextension.dylib
0x000000005c251000 	/usr/lib/system/libsystem_notify.dylib
0x000000005c251000 	/usr/lib/system/libsystem_platform.dylib
0x000000005c251000 	/usr/lib/system/libsystem_pthread.dylib
0x000000005c251000 	/usr/lib/system/libsystem_sandbox.dylib
0x000000005c251000 	/usr/lib/system/libsystem_secinit.dylib
0x000000005c251000 	/usr/lib/system/libsystem_symptoms.dylib
0x000000005c251000 	/usr/lib/system/libsystem_trace.dylib
0x000000005c251000 	/usr/lib/system/libunwind.dylib
0x000000005c251000 	/usr/lib/system/libxpc.dylib
0x000000005c251000 	/usr/lib/libbsm.0.dylib
0x000000005c251000 	/usr/lib/system/libkxld.dylib
0x000000005c251000 	/usr/lib/libcoretls.dylib
0x000000005c251000 	/usr/lib/libcoretls_cfhelpers.dylib
0x000000005c251000 	/usr/lib/libxar.1.dylib
0x000000005c251000 	/usr/lib/libsqlite3.dylib
0x000000005c251000 	/usr/lib/libpam.2.dylib
0x000000005c251000 	/usr/lib/libOpenScriptingUtil.dylib
0x000000005c251000 	/usr/lib/libbz2.1.0.dylib
0x000000005c251000 	/usr/lib/liblzma.5.dylib
0x000000005c251000 	/usr/lib/libnetwork.dylib
0x000000005c251000 	/usr/lib/libpcap.A.dylib
0x000000005c251000 	/System/Library/Frameworks/CoreServices.framework/Versions/A/Frameworks/FSEvents.framework/Versions/A/FSEvents
0x000000005c251000 	/System/Library/Frameworks/CoreServices.framework/Versions/A/Frameworks/CarbonCore.framework/Versions/A/CarbonCore
0x000000005c251000 	/System/Library/Frameworks/CoreServices.framework/Versions/A/Frameworks/Metadata.framework/Versions/A/Metadata
0x000000005c251000 	/System/Library/Frameworks/CoreServices.framework/Versions/A/Frameworks/OSServices.framework/Versions/A/OSServices
0x000000005c251000 	/System/Library/Frameworks/CoreServices.framework/Versions/A/Frameworks/SearchKit.framework/Versions/A/SearchKit
0x000000005c251000 	/System/Library/Frameworks/CoreServices.framework/Versions/A/Frameworks/AE.framework/Versions/A/AE
0x000000005c251000 	/System/Library/Frameworks/CoreServices.framework/Versions/A/Frameworks/LaunchServices.framework/Versions/A/LaunchServices
0x000000005c251000 	/System/Library/Frameworks/CoreServices.framework/Versions/A/Frameworks/DictionaryServices.framework/Versions/A/DictionaryServices
0x000000005c251000 	/System/Library/Frameworks/CoreServices.framework/Versions/A/Frameworks/SharedFileList.framework/Versions/A/SharedFileList
0x000000005c251000 	/System/Library/Frameworks/NetFS.framework/Versions/A/NetFS
0x000000005c251000 	/System/Library/PrivateFrameworks/NetAuth.framework/Versions/A/NetAuth
0x000000005c251000 	/System/Library/PrivateFrameworks/login.framework/Versions/A/Frameworks/loginsupport.framework/Versions/A/loginsupport
0x000000005c251000 	/System/Library/PrivateFrameworks/TCC.framework/Versions/A/TCC
0x000000005c251000 	/usr/lib/libmecabra.dylib
0x000000005c251000 	/System/Library/Frameworks/ApplicationServices.framework/Versions/A/Frameworks/ATS.framework/Versions/A/ATS
0x000000005c251000 	/System/Library/Frameworks/ApplicationServices.framework/Versions/A/Frameworks/ColorSync.framework/Versions/A/ColorSync
0x000000005c251000 	/System/Library/Frameworks/ApplicationServices.framework/Versions/A/Frameworks/HIServices.framework/Versions/A/HIServices
0x000000005c251000 	/System/Library/Frameworks/ApplicationServices.framework/Versions/A/Frameworks/LangAnalysis.framework/Versions/A/LangAnalysis
0x000000005c251000 	/System/Library/Frameworks/ApplicationServices.framework/Versions/A/Frameworks/PrintCore.framework/Versions/A/PrintCore
0x000000005c251000 	/System/Library/Frameworks/ApplicationServices.framework/Versions/A/Frameworks/QD.framework/Versions/A/QD
0x000000005c251000 	/System/Library/Frameworks/ApplicationServices.framework/Versions/A/Frameworks/SpeechSynthesis.framework/Versions/A/SpeechSynthesis
0x000000005c251000 	/System/Library/Frameworks/Accelerate.framework/Versions/A/Frameworks/vImage.framework/Versions/A/vImage
0x000000005c251000 	/System/Library/Frameworks/Accelerate.framework/Versions/A/Frameworks/vecLib.framework/Versions/A/vecLib
0x000000005c251000 	/System/Library/Frameworks/Accelerate.framework/Versions/A/Frameworks/vecLib.framework/Versions/A/libvDSP.dylib
0x000000005c251000 	/System/Library/Frameworks/Accelerate.framework/Versions/A/Frameworks/vecLib.framework/Versions/A/libBNNS.dylib
0x000000005c251000 	/System/Library/Frameworks/Accelerate.framework/Versions/A/Frameworks/vecLib.framework/Versions/A/libQuadrature.dylib
0x000000005c251000 	/System/Library/Frameworks/Accelerate.framework/Versions/A/Frameworks/vecLib.framework/Versions/A/libvMisc.dylib
0x000000005c251000 	/System/Library/Frameworks/Accelerate.framework/Versions/A/Frameworks/vecLib.framework/Versions/A/libLAPACK.dylib
0x000000005c251000 	/System/Library/Frameworks/Accelerate.framework/Versions/A/Frameworks/vecLib.framework/Versions/A/libBLAS.dylib
0x000000005c251000 	/System/Library/Frameworks/Accelerate.framework/Versions/A/Frameworks/vecLib.framework/Versions/A/libLinearAlgebra.dylib
0x000000005c251000 	/System/Library/Frameworks/Accelerate.framework/Versions/A/Frameworks/vecLib.framework/Versions/A/libSparseBLAS.dylib
0x000000005c251000 	/System/Library/Frameworks/ApplicationServices.framework/Versions/A/Frameworks/ATS.framework/Versions/A/Resources/libFontParser.dylib
0x000000005c251000 	/System/Library/Frameworks/ApplicationServices.framework/Versions/A/Frameworks/ATS.framework/Versions/A/Resources/libFontRegistry.dylib
0x000000005c251000 	/System/Library/Frameworks/ImageIO.framework/Versions/A/Resources/libJPEG.dylib
0x000000005c251000 	/System/Library/Frameworks/ImageIO.framework/Versions/A/Resources/libTIFF.dylib
0x000000005c251000 	/System/Library/Frameworks/ImageIO.framework/Versions/A/Resources/libPng.dylib
0x000000005c251000 	/System/Library/Frameworks/ImageIO.framework/Versions/A/Resources/libGIF.dylib
0x000000005c251000 	/System/Library/Frameworks/ImageIO.framework/Versions/A/Resources/libJP2.dylib
0x000000005c251000 	/System/Library/Frameworks/ImageIO.framework/Versions/A/Resources/libRadiance.dylib
0x000000005c251000 	/usr/lib/libcompression.dylib
0x000000005c251000 	/System/Library/PrivateFrameworks/AppleJPEG.framework/Versions/A/AppleJPEG
0x000000005c251000 	/usr/lib/libcups.2.dylib
0x000000005c251000 	/System/Library/Frameworks/Kerberos.framework/Versions/A/Kerberos
0x000000005c251000 	/System/Library/Frameworks/GSS.framework/Versions/A/GSS
0x000000005c251000 	/usr/lib/libresolv.9.dylib
0x000000005c251000 	/usr/lib/libiconv.2.dylib
0x000000005c251000 	/System/Library/PrivateFrameworks/Heimdal.framework/Versions/A/Heimdal
0x000000005c251000 	/usr/lib/libheimdal-asn1.dylib
0x000000005c251000 	/System/Library/Frameworks/OpenDirectory.framework/Versions/A/OpenDirectory
0x000000005c251000 	/System/Library/PrivateFrameworks/CommonAuth.framework/Versions/A/CommonAuth
0x000000005c251000 	/System/Library/Frameworks/OpenDirectory.framework/Versions/A/Frameworks/CFOpenDirectory.framework/Versions/A/CFOpenDirectory
0x000000005c251000 	/System/Library/Frameworks/SecurityFoundation.framework/Versions/A/SecurityFoundation
0x000000005c251000 	/System/Library/PrivateFrameworks/LanguageModeling.framework/Versions/A/LanguageModeling
0x000000005c251000 	/usr/lib/libmarisa.dylib
0x000000005c251000 	/usr/lib/libChineseTokenizer.dylib
0x000000005c251000 	/usr/lib/libcmph.dylib
0x000000005c251000 	/System/Library/PrivateFrameworks/CoreEmoji.framework/Versions/A/CoreEmoji
0x000000005c251000 	/System/Library/Frameworks/ServiceManagement.framework/Versions/A/ServiceManagement
0x000000005c251000 	/usr/lib/libxslt.1.dylib
0x000000005c251000 	/System/Library/Frameworks/Carbon.framework/Versions/A/Frameworks/Ink.framework/Versions/A/Ink
0x000000005c251000 	/System/Library/PrivateFrameworks/TextureIO.framework/Versions/A/TextureIO
0x000000005c251000 	/System/Library/Frameworks/Metal.framework/Versions/A/Metal
0x000000005c251000 	/usr/lib/libate.dylib
0x000000005c251000 	/System/Library/PrivateFrameworks/GPUCompiler.framework/libmetal_timestamp.dylib
0x000000005c251000 	/System/Library/Frameworks/OpenGL.framework/Versions/A/Libraries/libCoreFSCache.dylib
0x000000005c251000 	/System/Library/PrivateFrameworks/IOAccelerator.framework/Versions/A/IOAccelerator
0x000000005c251000 	/System/Library/Frameworks/CoreVideo.framework/Versions/A/CoreVideo
0x000000005c251000 	/usr/lib/libFosl_dynamic.dylib
0x000000005c251000 	/System/Library/PrivateFrameworks/MetalPerformanceShaders.framework/Versions/A/MetalPerformanceShaders
0x000000005c251000 	/System/Library/PrivateFrameworks/FaceCore.framework/Versions/A/FaceCore
0x000000005c251000 	/System/Library/Frameworks/OpenCL.framework/Versions/A/OpenCL
0x000000005c251000 	/System/Library/Frameworks/OpenGL.framework/Versions/A/Libraries/libGLU.dylib
0x000000005c251000 	/System/Library/Frameworks/OpenGL.framework/Versions/A/Libraries/libGFXShared.dylib
0x000000005c251000 	/System/Library/Frameworks/OpenGL.framework/Versions/A/Libraries/libGL.dylib
0x000000005c251000 	/System/Library/Frameworks/OpenGL.framework/Versions/A/Libraries/libGLImage.dylib
0x000000005c251000 	/System/Library/Frameworks/OpenGL.framework/Versions/A/Libraries/libCVMSPluginSupport.dylib
0x000000005c251000 	/System/Library/Frameworks/OpenGL.framework/Versions/A/Libraries/libCoreVMClient.dylib
0x000000005c251000 	/System/Library/PrivateFrameworks/CrashReporterSupport.framework/Versions/A/CrashReporterSupport
0x000000005c251000 	/System/Library/PrivateFrameworks/Sharing.framework/Versions/A/Sharing
0x000000005c251000 	/System/Library/PrivateFrameworks/IconServices.framework/Versions/A/IconServices
0x000000005c251000 	/System/Library/PrivateFrameworks/ProtocolBuffer.framework/Versions/A/ProtocolBuffer
0x000000005c251000 	/System/Library/PrivateFrameworks/Apple80211.framework/Versions/A/Apple80211
0x000000005c251000 	/System/Library/Frameworks/CoreWLAN.framework/Versions/A/CoreWLAN
0x000000005c251000 	/System/Library/PrivateFrameworks/CoreUtils.framework/Versions/A/CoreUtils
0x000000005c251000 	/System/Library/Frameworks/IOBluetooth.framework/Versions/A/IOBluetooth
0x000000005c251000 	/System/Library/PrivateFrameworks/CoreWiFi.framework/Versions/A/CoreWiFi
0x000000005c251000 	/System/Library/Frameworks/CoreBluetooth.framework/Versions/A/CoreBluetooth
0x000000005c251000 	/System/Library/Frameworks/CoreDisplay.framework/Versions/A/CoreDisplay
0x000000005c251000 	/System/Library/PrivateFrameworks/IOPresentment.framework/Versions/A/IOPresentment
0x000000005c251000 	/System/Library/PrivateFrameworks/DebugSymbols.framework/Versions/A/DebugSymbols
0x000000005c251000 	/System/Library/PrivateFrameworks/CoreSymbolication.framework/Versions/A/CoreSymbolication
0x000000005c251000 	/System/Library/PrivateFrameworks/Symbolication.framework/Versions/A/Symbolication
0x000000005c251000 	/System/Library/PrivateFrameworks/AppleFSCompression.framework/Versions/A/AppleFSCompression
0x000000005c251000 	/System/Library/PrivateFrameworks/SpeechRecognitionCore.framework/Versions/A/SpeechRecognitionCore
0x000000005c251000 	/System/Library/PrivateFrameworks/ChunkingLibrary.framework/Versions/A/ChunkingLibrary
0x0000000100309000 	/Applications/Eclipse C++.app/Contents/Eclipse/plugins/org.eclipse.equinox.launcher.cocoa.macosx.x86_64_1.1.401.v20161122-1740/eclipse_1615.so
0x000000005c251000 	/System/Library/PrivateFrameworks/CoreServicesInternal.framework/Versions/A/CoreServicesInternal
0x000000010034a000 	/Library/Java/JavaVirtualMachines/jdk1.8.0_121.jdk/Contents/MacOS/libjli.dylib
0x0000000104f0c000 	/Library/Java/JavaVirtualMachines/jdk1.8.0_121.jdk/Contents/Home/jre//lib/server/libjvm.dylib
0x000000005c251000 	/usr/lib/libstdc++.6.dylib
0x000000010035a000 	/Library/Java/JavaVirtualMachines/jdk1.8.0_121.jdk/Contents/Home/jre/lib/libverify.dylib
0x0000000100368000 	/Library/Java/JavaVirtualMachines/jdk1.8.0_121.jdk/Contents/Home/jre/lib/libjava.dylib
0x00000001003a6000 	/Library/Java/JavaVirtualMachines/jdk1.8.0_121.jdk/Contents/Home/jre/lib/libzip.dylib
0x000000010b575000 	/System/Library/Frameworks/JavaVM.framework/Frameworks/JavaRuntimeSupport.framework/JavaRuntimeSupport
0x0000000104b28000 	/System/Library/Frameworks/JavaVM.framework/Versions/A/Frameworks/JavaNativeFoundation.framework/Versions/A/JavaNativeFoundation
0x00000001003f0000 	/System/Library/Frameworks/JavaVM.framework/Versions/A/JavaVM
0x000000005c251000 	/System/Library/Frameworks/Carbon.framework/Versions/A/Carbon
0x000000010b58f000 	/System/Library/PrivateFrameworks/JavaLaunching.framework/Versions/A/JavaLaunching
0x000000005c251000 	/System/Library/Frameworks/Carbon.framework/Versions/A/Frameworks/CommonPanels.framework/Versions/A/CommonPanels
0x000000005c251000 	/System/Library/Frameworks/Carbon.framework/Versions/A/Frameworks/Help.framework/Versions/A/Help
0x000000005c251000 	/System/Library/Frameworks/Carbon.framework/Versions/A/Frameworks/ImageCapture.framework/Versions/A/ImageCapture
0x000000005c251000 	/System/Library/Frameworks/Carbon.framework/Versions/A/Frameworks/OpenScripting.framework/Versions/A/OpenScripting
0x000000005c251000 	/System/Library/Frameworks/Carbon.framework/Versions/A/Frameworks/Print.framework/Versions/A/Print
0x000000005c251000 	/System/Library/Frameworks/Carbon.framework/Versions/A/Frameworks/SecurityHI.framework/Versions/A/SecurityHI
0x000000005c251000 	/System/Library/CoreServices/RawCamera.bundle/Contents/MacOS/RawCamera
0x000000005c251000 	/System/Library/Frameworks/Accelerate.framework/Versions/A/Frameworks/vImage.framework/Versions/A/Libraries/libCGInterfaces.dylib
0x000000005c251000 	/System/Library/PrivateFrameworks/FamilyControls.framework/Versions/A/FamilyControls
0x000000005c251000 	/System/Library/PrivateFrameworks/CommerceKit.framework/Versions/A/Frameworks/CommerceCore.framework/Versions/A/CommerceCore
0x000000005c251000 	/System/Library/PrivateFrameworks/SystemAdministration.framework/Versions/A/SystemAdministration
0x000000005c251000 	/System/Library/PrivateFrameworks/AppContainer.framework/Versions/A/AppContainer
0x000000005c251000 	/System/Library/PrivateFrameworks/SecCodeWrapper.framework/Versions/A/SecCodeWrapper
0x000000005c251000 	/System/Library/Frameworks/DirectoryService.framework/Versions/A/DirectoryService
0x000000005c251000 	/System/Library/PrivateFrameworks/DiskImages.framework/Versions/A/DiskImages
0x000000005c251000 	/System/Library/PrivateFrameworks/LoginUIKit.framework/Versions/A/Frameworks/LoginUICore.framework/Versions/A/LoginUICore
0x000000005c251000 	/usr/lib/libCoreStorage.dylib
0x000000005c251000 	/usr/lib/libcsfde.dylib
0x000000005c251000 	/usr/lib/libodfde.dylib
0x000000005c251000 	/System/Library/Frameworks/DiscRecording.framework/Versions/A/DiscRecording
0x000000005c251000 	/usr/lib/libcurl.4.dylib
0x000000005c251000 	/System/Library/PrivateFrameworks/MediaKit.framework/Versions/A/MediaKit
0x000000005c251000 	/System/Library/PrivateFrameworks/ProtectedCloudStorage.framework/Versions/A/ProtectedCloudStorage
0x000000005c251000 	/System/Library/PrivateFrameworks/EFILogin.framework/Versions/A/EFILogin
0x000000005c251000 	/usr/lib/libutil.dylib
0x000000005c251000 	/System/Library/Frameworks/LDAP.framework/Versions/A/LDAP
0x000000005c251000 	/usr/lib/libsasl2.2.dylib
0x000000005c251000 	/System/Library/PrivateFrameworks/CoreDaemon.framework/Versions/B/CoreDaemon
0x000000005c251000 	/System/Library/PrivateFrameworks/AppleSRP.framework/Versions/A/AppleSRP
0x000000005c251000 	/System/Library/PrivateFrameworks/APFS.framework/Versions/A/APFS
0x000000005c251000 	/System/Library/Frameworks/ApplicationServices.framework/Versions/A/Frameworks/ATS.framework/Versions/A/Resources/libTrueTypeScaler.dylib
0x000000005c251000 	/System/Library/Frameworks/OpenGL.framework/Versions/A/Resources/GLEngine.bundle/GLEngine
0x000000005c251000 	/System/Library/Frameworks/OpenGL.framework/Versions/A/Libraries/libGLProgrammability.dylib
0x000000011e000000 	/System/Library/Extensions/AppleIntelBDWGraphicsGLDriver.bundle/Contents/MacOS/AppleIntelBDWGraphicsGLDriver
0x000000005c251000 	/System/Library/PrivateFrameworks/GPUSupport.framework/Versions/A/Libraries/libGPUSupportMercury.dylib
0x000000005c251000 	/System/Library/Frameworks/OpenGL.framework/Versions/A/Resources/GLRendererFloat.bundle/GLRendererFloat
0x000000005c251000 	/System/Library/Frameworks/OpenCL.framework/Versions/A/Libraries/libcldcpuengine.dylib
0x000000005c251000 	/usr/lib/libcrypto.0.9.8.dylib
0x000000005c251000 	/System/Library/PrivateFrameworks/TrustEvaluationAgent.framework/Versions/A/TrustEvaluationAgent
0x000000011e75c000 	/System/Library/Extensions/AppleIntelBDWGraphicsMTLDriver.bundle/Contents/MacOS/AppleIntelBDWGraphicsMTLDriver
0x000000011ed5f000 	/Library/Java/JavaVirtualMachines/jdk1.8.0_121.jdk/Contents/Home/jre/lib/libnet.dylib
0x000000010c755000 	/Library/Java/JavaVirtualMachines/jdk1.8.0_121.jdk/Contents/Home/jre/lib/libnio.dylib
0x000000005c251000 	/System/Library/PrivateFrameworks/ViewBridge.framework/Versions/A/ViewBridge
0x000000005c251000 	/System/Library/PrivateFrameworks/XPCService.framework/Versions/A/XPCService
0x000000005c251000 	/System/Library/PrivateFrameworks/AppSandbox.framework/Versions/A/AppSandbox
0x000000005c251000 	/usr/lib/libsandbox.1.dylib
0x000000005c251000 	/usr/lib/libMatch.1.dylib
0x000000011f02a000 	/Applications/Eclipse C++.app/Contents/Eclipse/configuration/org.eclipse.osgi/409/0/.cp/libswt-cocoa-4628.jnilib
0x000000005c251000 	/System/Library/Frameworks/WebKit.framework/Versions/A/WebKit
0x000000005c251000 	/System/Library/Frameworks/JavaScriptCore.framework/Versions/A/JavaScriptCore
0x000000005c251000 	/System/Library/Frameworks/SecurityInterface.framework/Versions/A/SecurityInterface
0x000000005c251000 	/System/Library/Frameworks/WebKit.framework/Versions/A/Frameworks/WebKitLegacy.framework/Versions/A/WebKitLegacy
0x000000005c251000 	/System/Library/Frameworks/WebKit.framework/Versions/A/Frameworks/WebCore.framework/Versions/A/WebCore
0x0000000120cc4000 	/Applications/Eclipse C++.app/Contents/Eclipse/configuration/org.eclipse.osgi/409/0/.cp/libswt-pi-cocoa-4628.jnilib
0x000000011e8af000 	/Applications/Eclipse C++.app/Contents/Eclipse/configuration/org.eclipse.osgi/99/0/.cp/os/macosx/libunixfile_1_0_0.jnilib
0x000000011eca3000 	/Library/Java/JavaVirtualMachines/jdk1.8.0_121.jdk/Contents/Home/jre/lib/libsunec.dylib
0x000000005c251000 	/System/Library/Frameworks/AVFoundation.framework/Versions/A/AVFoundation
0x000000005c251000 	/System/Library/Frameworks/AVFoundation.framework/Versions/A/Frameworks/AVFAudio.framework/Versions/A/AVFAudio
0x000000005c251000 	/System/Library/Frameworks/CoreMedia.framework/Versions/A/CoreMedia
0x000000005c251000 	/System/Library/Frameworks/MediaToolbox.framework/Versions/A/MediaToolbox
0x000000005c251000 	/System/Library/Frameworks/VideoToolbox.framework/Versions/A/VideoToolbox
0x000000005c251000 	/System/Library/PrivateFrameworks/IntlPreferences.framework/Versions/A/IntlPreferences
0x000000005c251000 	/System/Library/Frameworks/CoreMediaIO.framework/Versions/A/CoreMediaIO
0x000000005c251000 	/usr/lib/libspindump.dylib
0x000000005c251000 	/usr/lib/libdscsym.dylib
0x000000005c251000 	/System/Library/PrivateFrameworks/CoreAVCHD.framework/Versions/A/CoreAVCHD
0x000000005c251000 	/System/Library/Frameworks/MediaAccessibility.framework/Versions/A/MediaAccessibility
0x000000005c251000 	/System/Library/PrivateFrameworks/Mangrove.framework/Versions/A/Mangrove
0x000000005c251000 	/System/Library/PrivateFrameworks/CoreAUC.framework/Versions/A/CoreAUC
0x000000005c251000 	/System/Library/PrivateFrameworks/AppleVA.framework/Versions/A/AppleVA
0x000000011ef4e000 	cl_kernels
0x000000005c251000 	/System/Library/Frameworks/OpenCL.framework/Versions/A/Libraries/ImageFormats/unorm8_bgra.dylib
0x000000005c251000 	/System/Library/PrivateFrameworks/DataDetectors.framework/Versions/A/DataDetectors
0x000000005c251000 	/System/Library/Frameworks/AddressBook.framework/Versions/A/AddressBook
0x000000005c251000 	/System/Library/Frameworks/Quartz.framework/Versions/A/Quartz
0x000000005c251000 	/System/Library/PrivateFrameworks/ContactsPersistence.framework/Versions/A/ContactsPersistence
0x000000005c251000 	/System/Library/PrivateFrameworks/CalendarAgentLink.framework/Versions/A/CalendarAgentLink
0x000000005c251000 	/System/Library/PrivateFrameworks/ContactsFoundation.framework/Versions/A/ContactsFoundation
0x000000005c251000 	/System/Library/PrivateFrameworks/vCard.framework/Versions/A/vCard
0x000000005c251000 	/System/Library/PrivateFrameworks/ToneLibrary.framework/Versions/A/ToneLibrary
0x000000005c251000 	/System/Library/PrivateFrameworks/ToneKit.framework/Versions/A/ToneKit
0x000000005c251000 	/System/Library/PrivateFrameworks/ApplePushService.framework/Versions/A/ApplePushService
0x000000005c251000 	/System/Library/PrivateFrameworks/PhoneNumbers.framework/Versions/A/PhoneNumbers
0x000000005c251000 	/System/Library/Frameworks/Accounts.framework/Versions/A/Accounts
0x000000005c251000 	/System/Library/PrivateFrameworks/OAuth.framework/Versions/A/OAuth
0x000000005c251000 	/System/Library/Frameworks/Quartz.framework/Versions/A/Frameworks/QuartzComposer.framework/Versions/A/QuartzComposer
0x000000005c251000 	/System/Library/Frameworks/Quartz.framework/Versions/A/Frameworks/PDFKit.framework/Versions/A/PDFKit
0x000000005c251000 	/System/Library/Frameworks/Quartz.framework/Versions/A/Frameworks/QuartzFilters.framework/Versions/A/QuartzFilters
0x000000005c251000 	/System/Library/Frameworks/Quartz.framework/Versions/A/Frameworks/ImageKit.framework/Versions/A/ImageKit
0x000000005c251000 	/System/Library/Frameworks/Quartz.framework/Versions/A/Frameworks/QuickLookUI.framework/Versions/A/QuickLookUI
0x000000005c251000 	/System/Library/Frameworks/QTKit.framework/Versions/A/QTKit
0x000000005c251000 	/System/Library/PrivateFrameworks/AppleSystemInfo.framework/Versions/A/AppleSystemInfo
0x000000005c251000 	/System/Library/PrivateFrameworks/CoreMediaAuthoring.framework/Versions/A/CoreMediaAuthoring
0x000000005c251000 	/System/Library/PrivateFrameworks/CorePDF.framework/Versions/A/CorePDF
0x000000005c251000 	/System/Library/Frameworks/SafariServices.framework/Versions/A/SafariServices
0x000000005c251000 	/System/Library/Frameworks/QuickLook.framework/Versions/A/QuickLook
0x000000005c251000 	/System/Library/PrivateFrameworks/MobileKeyBag.framework/Versions/A/MobileKeyBag
0x000000005c251000 	/System/Library/PrivateFrameworks/QuickLookThumbnailing.framework/Versions/A/QuickLookThumbnailing
0x000000005c251000 	/System/Library/PrivateFrameworks/DisplayServices.framework/Versions/A/DisplayServices
0x000000005c251000 	/System/Library/Frameworks/ImageCaptureCore.framework/Versions/A/ImageCaptureCore
0x000000005c251000 	/System/Library/PrivateFrameworks/FinderKit.framework/Versions/A/FinderKit
0x000000005c251000 	/System/Library/PrivateFrameworks/Bom.framework/Versions/A/Bom
0x000000005c251000 	/System/Library/PrivateFrameworks/Suggestions.framework/Versions/A/Suggestions
0x000000005c251000 	/System/Library/PrivateFrameworks/CacheDelete.framework/Versions/A/CacheDelete
0x000000005c251000 	/System/Library/PrivateFrameworks/CloudDocs.framework/Versions/A/CloudDocs
0x000000005c251000 	/System/Library/Frameworks/CloudKit.framework/Versions/A/CloudKit
0x000000005c251000 	/System/Library/PrivateFrameworks/MMCS.framework/Versions/A/MMCS
0x000000005c251000 	/System/Library/Frameworks/CoreLocation.framework/Versions/A/CoreLocation
0x000000005c251000 	/System/Library/PrivateFrameworks/AssetCacheServices.framework/Versions/A/AssetCacheServices
0x000000005c251000 	/System/Library/PrivateFrameworks/GeoServices.framework/Versions/A/GeoServices
0x000000005c251000 	/System/Library/PrivateFrameworks/PlugInKit.framework/Versions/A/PlugInKit
0x000000005c251000 	/System/Library/PrivateFrameworks/iLifeMediaBrowser.framework/Versions/A/iLifeMediaBrowser
0x000000005c251000 	/System/Library/Frameworks/AVKit.framework/Versions/A/AVKit
0x000000005c251000 	/System/Library/PrivateFrameworks/MediaRemote.framework/Versions/A/MediaRemote
0x000000005c251000 	/System/Library/PrivateFrameworks/MediaServices.framework/Versions/A/MediaServices
0x000000010c535000 	cl_kernels
0x000000005c251000 	/System/Library/Frameworks/OpenCL.framework/Versions/A/Libraries/ImageFormats/unorm8_rgba.dylib
0x000000005c251000 	/System/Library/PrivateFrameworks/Shortcut.framework/Versions/A/Shortcut
0x000000005c251000 	/System/Library/PrivateFrameworks/HelpData.framework/Versions/A/HelpData
0x000000011f744000 	/System/Library/PrivateFrameworks/CoreNLP.framework/Versions/A/CoreNLP
0x000000010c27b000 	cl_kernels
0x000000010c3c3000 	/Applications/Eclipse C++.app/Contents/Eclipse/configuration/org.eclipse.osgi/58/0/.cp/os/macosx/x86_64/libspawner.jnilib
0x000000010c36e000 	cl_kernels
0x000000010b5d8000 	/Applications/Eclipse C++.app/Contents/Eclipse/configuration/org.eclipse.osgi/58/0/.cp/os/macosx/x86_64/libpty.jnilib

VM Arguments:
jvm_args: -Dosgi.requiredJavaVersion=1.8 -XX:+UseG1GC -XX:+UseStringDeduplication -XstartOnFirstThread -Dorg.eclipse.swt.internal.carbon.smallFonts -Dosgi.requiredJavaVersion=1.8 -Xms256m -Xmx1024m -Xdock:icon=../Resources/Eclipse.icns -XstartOnFirstThread -Dorg.eclipse.swt.internal.carbon.smallFonts 
java_command: <unknown>
java_class_path (initial): /Applications/Eclipse C++.app/Contents/MacOS//../Eclipse/plugins/org.eclipse.equinox.launcher_1.3.201.v20161025-1711.jar
Launcher Type: generic

Environment Variables:
PATH=/usr/bin:/bin:/usr/sbin:/sbin
SHELL=/bin/zsh

Signal Handlers:
SIGSEGV: [libjvm.dylib+0x5b1141], sa_mask[0]=11111111011111110111111111111111, sa_flags=SA_ONSTACK|SA_RESTART|SA_SIGINFO
SIGBUS: [libjvm.dylib+0x5b1141], sa_mask[0]=11111111011111110111111111111111, sa_flags=SA_RESTART|SA_SIGINFO
SIGFPE: [libjvm.dylib+0x487bc4], sa_mask[0]=11111111011111110111111111111111, sa_flags=SA_RESTART|SA_SIGINFO
SIGPIPE: [libjvm.dylib+0x487bc4], sa_mask[0]=11111111011111110111111111111111, sa_flags=SA_RESTART|SA_SIGINFO
SIGXFSZ: [libjvm.dylib+0x487bc4], sa_mask[0]=11111111011111110111111111111111, sa_flags=SA_RESTART|SA_SIGINFO
SIGILL: [libjvm.dylib+0x487bc4], sa_mask[0]=11111111011111110111111111111111, sa_flags=SA_RESTART|SA_SIGINFO
SIGUSR1: SIG_DFL, sa_mask[0]=00000000000000000000000000000000, sa_flags=none
SIGUSR2: [libjvm.dylib+0x4876e2], sa_mask[0]=00000000000000000000000000000000, sa_flags=SA_RESTART|SA_SIGINFO
SIGHUP: [libjvm.dylib+0x485cb9], sa_mask[0]=11111111011111110111111111111111, sa_flags=SA_RESTART|SA_SIGINFO
SIGINT: [libjvm.dylib+0x485cb9], sa_mask[0]=11111111011111110111111111111111, sa_flags=SA_RESTART|SA_SIGINFO
SIGTERM: [libjvm.dylib+0x485cb9], sa_mask[0]=11111111011111110111111111111111, sa_flags=SA_RESTART|SA_SIGINFO
SIGQUIT: [libjvm.dylib+0x485cb9], sa_mask[0]=11111111011111110111111111111111, sa_flags=SA_RESTART|SA_SIGINFO


---------------  S Y S T E M  ---------------

OS:Bsduname:Darwin 16.4.0 Darwin Kernel Version 16.4.0: Thu Dec 22 22:53:21 PST 2016; root:xnu-3789.41.3~3/RELEASE_X86_64 x86_64
rlimit: STACK 8192k, CORE 0k, NPROC 709, NOFILE 10240, AS infinity
load average:2.06 1.84 1.71

CPU:total 4 (2 cores per cpu, 2 threads per core) family 6 model 61 stepping 4, cmov, cx8, fxsr, mmx, sse, sse2, sse3, ssse3, sse4.1, sse4.2, popcnt, avx, avx2, aes, clmul, erms, 3dnowpref, lzcnt, ht, tsc, tscinvbit, bmi1, bmi2, adx

Memory: 4k page, physical 16777216k(2461728k free)

/proc/meminfo:


vm_info: Java HotSpot(TM) 64-Bit Server VM (25.121-b13) for bsd-amd64 JRE (1.8.0_121-b13), built on Dec 12 2016 20:39:32 by "java_re" with gcc 4.2.1 (Based on Apple Inc. build 5658) (LLVM build 2336.11.00)

time: Mon Jan 30 00:35:04 2017
elapsed time: 7050 seconds (0d 1h 57m 30s)

